{"meta": {"format": 3, "version": "7.10.3", "timestamp": "2025-08-15T12:46:08.193245", "branch_coverage": false, "show_contexts": false}, "files": {"app/__init__.py": {"executed_lines": [0], "summary": {"covered_lines": 0, "num_statements": 0, "percent_covered": 100.0, "percent_covered_display": "100", "missing_lines": 0, "excluded_lines": 0}, "missing_lines": [], "excluded_lines": [], "functions": {"": {"executed_lines": [], "summary": {"covered_lines": 0, "num_statements": 0, "percent_covered": 100.0, "percent_covered_display": "100", "missing_lines": 0, "excluded_lines": 0}, "missing_lines": [], "excluded_lines": []}}, "classes": {"": {"executed_lines": [], "summary": {"covered_lines": 0, "num_statements": 0, "percent_covered": 100.0, "percent_covered_display": "100", "missing_lines": 0, "excluded_lines": 0}, "missing_lines": [], "excluded_lines": []}}}, "app/api/__init__.py": {"executed_lines": [0], "summary": {"covered_lines": 0, "num_statements": 0, "percent_covered": 100.0, "percent_covered_display": "100", "missing_lines": 0, "excluded_lines": 0}, "missing_lines": [], "excluded_lines": [], "functions": {"": {"executed_lines": [], "summary": {"covered_lines": 0, "num_statements": 0, "percent_covered": 100.0, "percent_covered_display": "100", "missing_lines": 0, "excluded_lines": 0}, "missing_lines": [], "excluded_lines": []}}, "classes": {"": {"executed_lines": [], "summary": {"covered_lines": 0, "num_statements": 0, "percent_covered": 100.0, "percent_covered_display": "100", "missing_lines": 0, "excluded_lines": 0}, "missing_lines": [], "excluded_lines": []}}}, "app/api/answer_evaluation_schemas.py": {"executed_lines": [3, 4, 6, 7, 8, 9, 10, 11, 12, 13, 14, 15, 16, 17, 18, 19, 20, 21, 22, 24, 25, 26, 27, 28, 30, 32, 33, 34, 35, 37, 40, 41, 42, 43, 44, 45, 46, 47, 48, 49, 50, 51, 52, 53, 55, 56, 57, 58, 60, 62, 63, 64, 65, 66, 68, 71, 72, 73, 75, 76, 77, 78, 80, 82, 85, 86, 87, 88, 89, 90, 91, 92, 93, 96, 97, 98, 99, 101, 102, 103, 109, 110, 111, 112, 113, 114, 115, 116, 117, 118, 120, 121, 122, 127, 128, 129], "summary": {"covered_lines": 90, "num_statements": 106, "percent_covered": 84.90566037735849, "percent_covered_display": "85", "missing_lines": 16, "excluded_lines": 0}, "missing_lines": [29, 36, 59, 67, 79, 81, 104, 105, 106, 123, 124, 125, 130, 131, 132, 133], "excluded_lines": [], "functions": {"PrismaCriterionEvaluationRequest.validate_uee_level": {"executed_lines": [27, 28, 30], "summary": {"covered_lines": 3, "num_statements": 4, "percent_covered": 75.0, "percent_covered_display": "75", "missing_lines": 1, "excluded_lines": 0}, "missing_lines": [29], "excluded_lines": []}, "PrismaCriterionEvaluationRequest.validate_criterion_weight": {"executed_lines": [35, 37], "summary": {"covered_lines": 2, "num_statements": 3, "percent_covered": 66.66666666666667, "percent_covered_display": "67", "missing_lines": 1, "excluded_lines": 0}, "missing_lines": [36], "excluded_lines": []}, "PrismaCriterionEvaluationResponse.validate_mastery_score": {"executed_lines": [58, 60], "summary": {"covered_lines": 2, "num_statements": 3, "percent_covered": 66.66666666666667, "percent_covered_display": "67", "missing_lines": 1, "excluded_lines": 0}, "missing_lines": [59], "excluded_lines": []}, "PrismaCriterionEvaluationResponse.validate_mastery_level": {"executed_lines": [65, 66, 68], "summary": {"covered_lines": 3, "num_statements": 4, "percent_covered": 75.0, "percent_covered_display": "75", "missing_lines": 1, "excluded_lines": 0}, "missing_lines": [67], "excluded_lines": []}, "BatchCriterionEvaluationRequest.validate_evaluation_requests": {"executed_lines": [78, 80, 82], "summary": {"covered_lines": 3, "num_statements": 5, "percent_covered": 60.0, "percent_covered_display": "60", "missing_lines": 2, "excluded_lines": 0}, "missing_lines": [79, 81], "excluded_lines": []}, "MasteryAssessmentRequest.validate_criterion_evaluations": {"executed_lines": [], "summary": {"covered_lines": 0, "num_statements": 3, "percent_covered": 0.0, "percent_covered_display": "0", "missing_lines": 3, "excluded_lines": 0}, "missing_lines": [104, 105, 106], "excluded_lines": []}, "MasteryAssessmentResponse.validate_overall_mastery_score": {"executed_lines": [], "summary": {"covered_lines": 0, "num_statements": 3, "percent_covered": 0.0, "percent_covered_display": "0", "missing_lines": 3, "excluded_lines": 0}, "missing_lines": [123, 124, 125], "excluded_lines": []}, "MasteryAssessmentResponse.validate_mastery_level": {"executed_lines": [], "summary": {"covered_lines": 0, "num_statements": 4, "percent_covered": 0.0, "percent_covered_display": "0", "missing_lines": 4, "excluded_lines": 0}, "missing_lines": [130, 131, 132, 133], "excluded_lines": []}, "": {"executed_lines": [3, 4, 6, 7, 8, 9, 10, 11, 12, 13, 14, 15, 16, 17, 18, 19, 20, 21, 22, 24, 25, 26, 32, 33, 34, 40, 41, 42, 43, 44, 45, 46, 47, 48, 49, 50, 51, 52, 53, 55, 56, 57, 62, 63, 64, 71, 72, 73, 75, 76, 77, 85, 86, 87, 88, 89, 90, 91, 92, 93, 96, 97, 98, 99, 101, 102, 103, 109, 110, 111, 112, 113, 114, 115, 116, 117, 118, 120, 121, 122, 127, 128, 129], "summary": {"covered_lines": 77, "num_statements": 77, "percent_covered": 100.0, "percent_covered_display": "100", "missing_lines": 0, "excluded_lines": 0}, "missing_lines": [], "excluded_lines": []}}, "classes": {"PrismaCriterionEvaluationRequest": {"executed_lines": [27, 28, 30, 35, 37], "summary": {"covered_lines": 5, "num_statements": 7, "percent_covered": 71.42857142857143, "percent_covered_display": "71", "missing_lines": 2, "excluded_lines": 0}, "missing_lines": [29, 36], "excluded_lines": []}, "PrismaCriterionEvaluationResponse": {"executed_lines": [58, 60, 65, 66, 68], "summary": {"covered_lines": 5, "num_statements": 7, "percent_covered": 71.42857142857143, "percent_covered_display": "71", "missing_lines": 2, "excluded_lines": 0}, "missing_lines": [59, 67], "excluded_lines": []}, "BatchCriterionEvaluationRequest": {"executed_lines": [78, 80, 82], "summary": {"covered_lines": 3, "num_statements": 5, "percent_covered": 60.0, "percent_covered_display": "60", "missing_lines": 2, "excluded_lines": 0}, "missing_lines": [79, 81], "excluded_lines": []}, "BatchCriterionEvaluationResponse": {"executed_lines": [], "summary": {"covered_lines": 0, "num_statements": 0, "percent_covered": 100.0, "percent_covered_display": "100", "missing_lines": 0, "excluded_lines": 0}, "missing_lines": [], "excluded_lines": []}, "MasteryAssessmentRequest": {"executed_lines": [], "summary": {"covered_lines": 0, "num_statements": 3, "percent_covered": 0.0, "percent_covered_display": "0", "missing_lines": 3, "excluded_lines": 0}, "missing_lines": [104, 105, 106], "excluded_lines": []}, "MasteryAssessmentResponse": {"executed_lines": [], "summary": {"covered_lines": 0, "num_statements": 7, "percent_covered": 0.0, "percent_covered_display": "0", "missing_lines": 7, "excluded_lines": 0}, "missing_lines": [123, 124, 125, 130, 131, 132, 133], "excluded_lines": []}, "": {"executed_lines": [3, 4, 6, 7, 8, 9, 10, 11, 12, 13, 14, 15, 16, 17, 18, 19, 20, 21, 22, 24, 25, 26, 32, 33, 34, 40, 41, 42, 43, 44, 45, 46, 47, 48, 49, 50, 51, 52, 53, 55, 56, 57, 62, 63, 64, 71, 72, 73, 75, 76, 77, 85, 86, 87, 88, 89, 90, 91, 92, 93, 96, 97, 98, 99, 101, 102, 103, 109, 110, 111, 112, 113, 114, 115, 116, 117, 118, 120, 121, 122, 127, 128, 129], "summary": {"covered_lines": 77, "num_statements": 77, "percent_covered": 100.0, "percent_covered_display": "100", "missing_lines": 0, "excluded_lines": 0}, "missing_lines": [], "excluded_lines": []}}}, "app/api/blueprint_lifecycle_endpoints.py": {"executed_lines": [], "summary": {"covered_lines": 0, "num_statements": 465, "percent_covered": 0.0, "percent_covered_display": "0", "missing_lines": 465, "excluded_lines": 0}, "missing_lines": [8, 9, 10, 11, 12, 13, 14, 16, 21, 28, 29, 30, 31, 33, 36, 39, 43, 44, 45, 47, 48, 49, 59, 60, 61, 74, 76, 77, 79, 80, 93, 95, 96, 97, 99, 100, 113, 114, 120, 121, 122, 130, 131, 132, 138, 139, 140, 142, 143, 144, 145, 148, 149, 150, 153, 154, 155, 162, 163, 164, 165, 166, 167, 170, 171, 172, 179, 180, 182, 187, 195, 197, 198, 199, 201, 202, 211, 212, 220, 221, 222, 223, 224, 225, 226, 228, 229, 234, 239, 242, 245, 246, 247, 248, 251, 252, 253, 254, 255, 258, 259, 264, 265, 266, 267, 268, 269, 271, 273, 274, 275, 281, 282, 283, 284, 285, 286, 287, 288, 289, 290, 291, 292, 293, 294, 295, 296, 297, 299, 300, 301, 302, 303, 304, 307, 308, 309, 310, 311, 314, 315, 316, 317, 318, 319, 321, 322, 323, 324, 325, 327, 329, 330, 332, 345, 346, 349, 350, 351, 352, 353, 354, 357, 359, 360, 361, 362, 363, 364, 365, 366, 368, 369, 383, 385, 386, 387, 388, 389, 390, 392, 393, 405, 407, 408, 409, 410, 411, 412, 414, 415, 430, 431, 447, 448, 449, 450, 451, 452, 453, 454, 455, 458, 459, 462, 463, 469, 476, 477, 488, 499, 500, 501, 507, 508, 520, 521, 523, 525, 534, 535, 536, 542, 543, 555, 556, 559, 560, 563, 564, 570, 571, 574, 575, 576, 582, 583, 584, 586, 587, 589, 591, 600, 601, 602, 608, 609, 620, 621, 623, 625, 633, 634, 635, 642, 643, 649, 651, 652, 654, 665, 666, 667, 680, 681, 682, 683, 684, 685, 699, 700, 710, 711, 713, 714, 725, 740, 741, 742, 748, 749, 757, 758, 760, 761, 764, 765, 766, 782, 783, 784, 785, 786, 787, 788, 794, 795, 796, 798, 807, 808, 809, 815, 816, 826, 827, 829, 830, 836, 845, 846, 847, 853, 854, 863, 864, 866, 867, 869, 876, 877, 878, 884, 885, 897, 898, 900, 901, 909, 910, 911, 916, 938, 939, 940, 941, 942, 948, 949, 958, 959, 961, 962, 964, 974, 975, 976, 982, 983, 993, 994, 996, 997, 1000, 1001, 1002, 1014, 1017, 1021, 1032, 1033, 1034, 1041, 1042, 1054, 1055, 1058, 1060, 1061, 1062, 1063, 1065, 1067, 1068, 1069, 1070, 1071, 1077, 1078, 1079, 1080, 1081, 1082, 1088, 1089, 1090, 1095, 1103, 1108, 1117, 1118, 1119, 1120, 1121, 1127, 1128, 1137, 1138, 1141, 1143, 1144, 1145, 1146, 1148, 1150, 1151, 1152, 1153, 1154, 1160, 1162, 1175, 1176, 1177, 1183, 1184, 1193, 1194, 1197, 1199, 1200, 1201, 1202, 1204, 1206, 1207, 1208, 1209, 1210, 1216, 1218, 1226, 1227, 1228, 1235, 1236, 1245, 1246, 1248, 1249, 1252, 1254, 1263, 1264, 1265, 1270, 1271, 1281, 1282, 1284, 1287, 1289, 1298, 1299, 1300, 1305, 1306, 1319, 1320, 1322, 1325, 1332, 1343, 1344, 1345], "excluded_lines": [], "functions": {"lifecycle_health_check_early": {"executed_lines": [], "summary": {"covered_lines": 0, "num_statements": 7, "percent_covered": 0.0, "percent_covered_display": "0", "missing_lines": 7, "excluded_lines": 0}, "missing_lines": [45, 47, 48, 49, 59, 60, 61], "excluded_lines": []}, "parse_content": {"executed_lines": [], "summary": {"covered_lines": 0, "num_statements": 32, "percent_covered": 0.0, "percent_covered_display": "0", "missing_lines": 32, "excluded_lines": 0}, "missing_lines": [120, 121, 122, 130, 131, 132, 138, 139, 140, 142, 143, 144, 145, 148, 149, 150, 153, 154, 155, 162, 163, 164, 165, 166, 167, 170, 171, 172, 179, 180, 182, 187], "excluded_lines": []}, "validate_content": {"executed_lines": [], "summary": {"covered_lines": 0, "num_statements": 12, "percent_covered": 0.0, "percent_covered_display": "0", "missing_lines": 12, "excluded_lines": 0}, "missing_lines": [220, 221, 222, 223, 224, 225, 226, 228, 229, 234, 239, 242], "excluded_lines": []}, "_slugify": {"executed_lines": [], "summary": {"covered_lines": 0, "num_statements": 4, "percent_covered": 0.0, "percent_covered_display": "0", "missing_lines": 4, "excluded_lines": 0}, "missing_lines": [252, 253, 254, 255], "excluded_lines": []}, "generate_blueprint": {"executed_lines": [], "summary": {"covered_lines": 0, "num_statements": 55, "percent_covered": 0.0, "percent_covered_display": "0", "missing_lines": 55, "excluded_lines": 0}, "missing_lines": [264, 265, 266, 267, 268, 269, 271, 273, 274, 275, 281, 282, 283, 284, 285, 286, 287, 288, 289, 290, 291, 292, 293, 294, 295, 296, 297, 299, 300, 301, 302, 303, 304, 307, 308, 309, 310, 311, 314, 315, 316, 317, 318, 319, 321, 322, 323, 324, 325, 327, 329, 330, 332, 345, 346], "excluded_lines": []}, "get_blueprint": {"executed_lines": [], "summary": {"covered_lines": 0, "num_statements": 4, "percent_covered": 0.0, "percent_covered_display": "0", "missing_lines": 4, "excluded_lines": 0}, "missing_lines": [351, 352, 353, 354], "excluded_lines": []}, "update_blueprint_endpoint": {"executed_lines": [], "summary": {"covered_lines": 0, "num_statements": 20, "percent_covered": 0.0, "percent_covered_display": "0", "missing_lines": 20, "excluded_lines": 0}, "missing_lines": [447, 448, 449, 450, 451, 452, 453, 454, 455, 458, 459, 462, 463, 469, 476, 477, 488, 499, 500, 501], "excluded_lines": []}, "get_blueprint_status_endpoint": {"executed_lines": [], "summary": {"covered_lines": 0, "num_statements": 7, "percent_covered": 0.0, "percent_covered_display": "0", "missing_lines": 7, "excluded_lines": 0}, "missing_lines": [520, 521, 523, 525, 534, 535, 536], "excluded_lines": []}, "preview_blueprint_changes_endpoint": {"executed_lines": [], "summary": {"covered_lines": 0, "num_statements": 21, "percent_covered": 0.0, "percent_covered_display": "0", "missing_lines": 21, "excluded_lines": 0}, "missing_lines": [555, 556, 559, 560, 563, 564, 570, 571, 574, 575, 576, 582, 583, 584, 586, 587, 589, 591, 600, 601, 602], "excluded_lines": []}, "delete_blueprint_endpoint": {"executed_lines": [], "summary": {"covered_lines": 0, "num_statements": 7, "percent_covered": 0.0, "percent_covered_display": "0", "missing_lines": 7, "excluded_lines": 0}, "missing_lines": [620, 621, 623, 625, 633, 634, 635], "excluded_lines": []}, "lifecycle_health_check": {"executed_lines": [], "summary": {"covered_lines": 0, "num_statements": 7, "percent_covered": 0.0, "percent_covered_display": "0", "missing_lines": 7, "excluded_lines": 0}, "missing_lines": [649, 651, 652, 654, 665, 666, 667], "excluded_lines": []}, "create_blueprint_section": {"executed_lines": [], "summary": {"covered_lines": 0, "num_statements": 8, "percent_covered": 0.0, "percent_covered_display": "0", "missing_lines": 8, "excluded_lines": 0}, "missing_lines": [710, 711, 713, 714, 725, 740, 741, 742], "excluded_lines": []}, "get_blueprint_sections": {"executed_lines": [], "summary": {"covered_lines": 0, "num_statements": 21, "percent_covered": 0.0, "percent_covered_display": "0", "missing_lines": 21, "excluded_lines": 0}, "missing_lines": [757, 758, 760, 761, 764, 765, 766, 782, 783, 784, 785, 786, 787, 788, 794, 795, 796, 798, 807, 808, 809], "excluded_lines": []}, "move_blueprint_section": {"executed_lines": [], "summary": {"covered_lines": 0, "num_statements": 8, "percent_covered": 0.0, "percent_covered_display": "0", "missing_lines": 8, "excluded_lines": 0}, "missing_lines": [826, 827, 829, 830, 836, 845, 846, 847], "excluded_lines": []}, "reorder_blueprint_sections": {"executed_lines": [], "summary": {"covered_lines": 0, "num_statements": 8, "percent_covered": 0.0, "percent_covered_display": "0", "missing_lines": 8, "excluded_lines": 0}, "missing_lines": [863, 864, 866, 867, 869, 876, 877, 878], "excluded_lines": []}, "get_section_content": {"executed_lines": [], "summary": {"covered_lines": 0, "num_statements": 13, "percent_covered": 0.0, "percent_covered_display": "0", "missing_lines": 13, "excluded_lines": 0}, "missing_lines": [897, 898, 900, 901, 909, 910, 911, 916, 938, 939, 940, 941, 942], "excluded_lines": []}, "get_section_stats": {"executed_lines": [], "summary": {"covered_lines": 0, "num_statements": 8, "percent_covered": 0.0, "percent_covered_display": "0", "missing_lines": 8, "excluded_lines": 0}, "missing_lines": [958, 959, 961, 962, 964, 974, 975, 976], "excluded_lines": []}, "sync_blueprint_sections": {"executed_lines": [], "summary": {"covered_lines": 0, "num_statements": 13, "percent_covered": 0.0, "percent_covered_display": "0", "missing_lines": 13, "excluded_lines": 0}, "missing_lines": [993, 994, 996, 997, 1000, 1001, 1002, 1014, 1017, 1021, 1032, 1033, 1034], "excluded_lines": []}, "trigger_knowledge_graph_update": {"executed_lines": [], "summary": {"covered_lines": 0, "num_statements": 30, "percent_covered": 0.0, "percent_covered_display": "0", "missing_lines": 30, "excluded_lines": 0}, "missing_lines": [1054, 1055, 1058, 1060, 1061, 1062, 1063, 1065, 1067, 1068, 1069, 1070, 1071, 1077, 1078, 1079, 1080, 1081, 1082, 1088, 1089, 1090, 1095, 1103, 1108, 1117, 1118, 1119, 1120, 1121], "excluded_lines": []}, "check_knowledge_graph_consistency": {"executed_lines": [], "summary": {"covered_lines": 0, "num_statements": 18, "percent_covered": 0.0, "percent_covered_display": "0", "missing_lines": 18, "excluded_lines": 0}, "missing_lines": [1137, 1138, 1141, 1143, 1144, 1145, 1146, 1148, 1150, 1151, 1152, 1153, 1154, 1160, 1162, 1175, 1176, 1177], "excluded_lines": []}, "get_knowledge_graph_performance": {"executed_lines": [], "summary": {"covered_lines": 0, "num_statements": 18, "percent_covered": 0.0, "percent_covered_display": "0", "missing_lines": 18, "excluded_lines": 0}, "missing_lines": [1193, 1194, 1197, 1199, 1200, 1201, 1202, 1204, 1206, 1207, 1208, 1209, 1210, 1216, 1218, 1226, 1227, 1228], "excluded_lines": []}, "get_section_hierarchy": {"executed_lines": [], "summary": {"covered_lines": 0, "num_statements": 9, "percent_covered": 0.0, "percent_covered_display": "0", "missing_lines": 9, "excluded_lines": 0}, "missing_lines": [1245, 1246, 1248, 1249, 1252, 1254, 1263, 1264, 1265], "excluded_lines": []}, "get_section_navigation": {"executed_lines": [], "summary": {"covered_lines": 0, "num_statements": 8, "percent_covered": 0.0, "percent_covered_display": "0", "missing_lines": 8, "excluded_lines": 0}, "missing_lines": [1281, 1282, 1284, 1287, 1289, 1298, 1299, 1300], "excluded_lines": []}, "clone_section": {"executed_lines": [], "summary": {"covered_lines": 0, "num_statements": 8, "percent_covered": 0.0, "percent_covered_display": "0", "missing_lines": 8, "excluded_lines": 0}, "missing_lines": [1319, 1320, 1322, 1325, 1332, 1343, 1344, 1345], "excluded_lines": []}, "": {"executed_lines": [], "summary": {"covered_lines": 0, "num_statements": 119, "percent_covered": 0.0, "percent_covered_display": "0", "missing_lines": 119, "excluded_lines": 0}, "missing_lines": [8, 9, 10, 11, 12, 13, 14, 16, 21, 28, 29, 30, 31, 33, 36, 39, 43, 44, 74, 76, 77, 79, 80, 93, 95, 96, 97, 99, 100, 113, 114, 195, 197, 198, 199, 201, 202, 211, 212, 245, 246, 247, 248, 251, 258, 259, 349, 350, 357, 359, 360, 361, 362, 363, 364, 365, 366, 368, 369, 383, 385, 386, 387, 388, 389, 390, 392, 393, 405, 407, 408, 409, 410, 411, 412, 414, 415, 430, 431, 507, 508, 542, 543, 608, 609, 642, 643, 680, 681, 682, 683, 684, 685, 699, 700, 748, 749, 815, 816, 853, 854, 884, 885, 948, 949, 982, 983, 1041, 1042, 1127, 1128, 1183, 1184, 1235, 1236, 1270, 1271, 1305, 1306], "excluded_lines": []}}, "classes": {"UpdateBlueprintRequest": {"executed_lines": [], "summary": {"covered_lines": 0, "num_statements": 0, "percent_covered": 100.0, "percent_covered_display": "100", "missing_lines": 0, "excluded_lines": 0}, "missing_lines": [], "excluded_lines": []}, "UpdateBlueprintRequest.Config": {"executed_lines": [], "summary": {"covered_lines": 0, "num_statements": 0, "percent_covered": 100.0, "percent_covered_display": "100", "missing_lines": 0, "excluded_lines": 0}, "missing_lines": [], "excluded_lines": []}, "ContentParseRequest": {"executed_lines": [], "summary": {"covered_lines": 0, "num_statements": 0, "percent_covered": 100.0, "percent_covered_display": "100", "missing_lines": 0, "excluded_lines": 0}, "missing_lines": [], "excluded_lines": []}, "ContentParseRequest.Config": {"executed_lines": [], "summary": {"covered_lines": 0, "num_statements": 0, "percent_covered": 100.0, "percent_covered_display": "100", "missing_lines": 0, "excluded_lines": 0}, "missing_lines": [], "excluded_lines": []}, "ContentValidationRequest": {"executed_lines": [], "summary": {"covered_lines": 0, "num_statements": 0, "percent_covered": 100.0, "percent_covered_display": "100", "missing_lines": 0, "excluded_lines": 0}, "missing_lines": [], "excluded_lines": []}, "ContentValidationRequest.Config": {"executed_lines": [], "summary": {"covered_lines": 0, "num_statements": 0, "percent_covered": 100.0, "percent_covered_display": "100", "missing_lines": 0, "excluded_lines": 0}, "missing_lines": [], "excluded_lines": []}, "GenerateBlueprintRequest": {"executed_lines": [], "summary": {"covered_lines": 0, "num_statements": 0, "percent_covered": 100.0, "percent_covered_display": "100", "missing_lines": 0, "excluded_lines": 0}, "missing_lines": [], "excluded_lines": []}, "UpdateBlueprintResponse": {"executed_lines": [], "summary": {"covered_lines": 0, "num_statements": 0, "percent_covered": 100.0, "percent_covered_display": "100", "missing_lines": 0, "excluded_lines": 0}, "missing_lines": [], "excluded_lines": []}, "UpdateBlueprintResponse.Config": {"executed_lines": [], "summary": {"covered_lines": 0, "num_statements": 0, "percent_covered": 100.0, "percent_covered_display": "100", "missing_lines": 0, "excluded_lines": 0}, "missing_lines": [], "excluded_lines": []}, "BlueprintStatusResponse": {"executed_lines": [], "summary": {"covered_lines": 0, "num_statements": 0, "percent_covered": 100.0, "percent_covered_display": "100", "missing_lines": 0, "excluded_lines": 0}, "missing_lines": [], "excluded_lines": []}, "BlueprintStatusResponse.Config": {"executed_lines": [], "summary": {"covered_lines": 0, "num_statements": 0, "percent_covered": 100.0, "percent_covered_display": "100", "missing_lines": 0, "excluded_lines": 0}, "missing_lines": [], "excluded_lines": []}, "ChangePreviewResponse": {"executed_lines": [], "summary": {"covered_lines": 0, "num_statements": 0, "percent_covered": 100.0, "percent_covered_display": "100", "missing_lines": 0, "excluded_lines": 0}, "missing_lines": [], "excluded_lines": []}, "ChangePreviewResponse.Config": {"executed_lines": [], "summary": {"covered_lines": 0, "num_statements": 0, "percent_covered": 100.0, "percent_covered_display": "100", "missing_lines": 0, "excluded_lines": 0}, "missing_lines": [], "excluded_lines": []}, "": {"executed_lines": [], "summary": {"covered_lines": 0, "num_statements": 465, "percent_covered": 0.0, "percent_covered_display": "0", "missing_lines": 465, "excluded_lines": 0}, "missing_lines": [8, 9, 10, 11, 12, 13, 14, 16, 21, 28, 29, 30, 31, 33, 36, 39, 43, 44, 45, 47, 48, 49, 59, 60, 61, 74, 76, 77, 79, 80, 93, 95, 96, 97, 99, 100, 113, 114, 120, 121, 122, 130, 131, 132, 138, 139, 140, 142, 143, 144, 145, 148, 149, 150, 153, 154, 155, 162, 163, 164, 165, 166, 167, 170, 171, 172, 179, 180, 182, 187, 195, 197, 198, 199, 201, 202, 211, 212, 220, 221, 222, 223, 224, 225, 226, 228, 229, 234, 239, 242, 245, 246, 247, 248, 251, 252, 253, 254, 255, 258, 259, 264, 265, 266, 267, 268, 269, 271, 273, 274, 275, 281, 282, 283, 284, 285, 286, 287, 288, 289, 290, 291, 292, 293, 294, 295, 296, 297, 299, 300, 301, 302, 303, 304, 307, 308, 309, 310, 311, 314, 315, 316, 317, 318, 319, 321, 322, 323, 324, 325, 327, 329, 330, 332, 345, 346, 349, 350, 351, 352, 353, 354, 357, 359, 360, 361, 362, 363, 364, 365, 366, 368, 369, 383, 385, 386, 387, 388, 389, 390, 392, 393, 405, 407, 408, 409, 410, 411, 412, 414, 415, 430, 431, 447, 448, 449, 450, 451, 452, 453, 454, 455, 458, 459, 462, 463, 469, 476, 477, 488, 499, 500, 501, 507, 508, 520, 521, 523, 525, 534, 535, 536, 542, 543, 555, 556, 559, 560, 563, 564, 570, 571, 574, 575, 576, 582, 583, 584, 586, 587, 589, 591, 600, 601, 602, 608, 609, 620, 621, 623, 625, 633, 634, 635, 642, 643, 649, 651, 652, 654, 665, 666, 667, 680, 681, 682, 683, 684, 685, 699, 700, 710, 711, 713, 714, 725, 740, 741, 742, 748, 749, 757, 758, 760, 761, 764, 765, 766, 782, 783, 784, 785, 786, 787, 788, 794, 795, 796, 798, 807, 808, 809, 815, 816, 826, 827, 829, 830, 836, 845, 846, 847, 853, 854, 863, 864, 866, 867, 869, 876, 877, 878, 884, 885, 897, 898, 900, 901, 909, 910, 911, 916, 938, 939, 940, 941, 942, 948, 949, 958, 959, 961, 962, 964, 974, 975, 976, 982, 983, 993, 994, 996, 997, 1000, 1001, 1002, 1014, 1017, 1021, 1032, 1033, 1034, 1041, 1042, 1054, 1055, 1058, 1060, 1061, 1062, 1063, 1065, 1067, 1068, 1069, 1070, 1071, 1077, 1078, 1079, 1080, 1081, 1082, 1088, 1089, 1090, 1095, 1103, 1108, 1117, 1118, 1119, 1120, 1121, 1127, 1128, 1137, 1138, 1141, 1143, 1144, 1145, 1146, 1148, 1150, 1151, 1152, 1153, 1154, 1160, 1162, 1175, 1176, 1177, 1183, 1184, 1193, 1194, 1197, 1199, 1200, 1201, 1202, 1204, 1206, 1207, 1208, 1209, 1210, 1216, 1218, 1226, 1227, 1228, 1235, 1236, 1245, 1246, 1248, 1249, 1252, 1254, 1263, 1264, 1265, 1270, 1271, 1281, 1282, 1284, 1287, 1289, 1298, 1299, 1300, 1305, 1306, 1319, 1320, 1322, 1325, 1332, 1343, 1344, 1345], "excluded_lines": []}}}, "app/api/criterion_question_schemas.py": {"executed_lines": [1, 5, 6, 9, 10, 11, 12, 13, 14, 15, 16, 17, 18, 19, 20, 22, 23, 24], "summary": {"covered_lines": 16, "num_statements": 16, "percent_covered": 100.0, "percent_covered_display": "100", "missing_lines": 0, "excluded_lines": 0}, "missing_lines": [], "excluded_lines": [], "functions": {"": {"executed_lines": [1, 5, 6, 9, 10, 11, 12, 13, 14, 15, 16, 17, 18, 19, 20, 22, 23, 24], "summary": {"covered_lines": 16, "num_statements": 16, "percent_covered": 100.0, "percent_covered_display": "100", "missing_lines": 0, "excluded_lines": 0}, "missing_lines": [], "excluded_lines": []}}, "classes": {"CriterionQuestionDto": {"executed_lines": [], "summary": {"covered_lines": 0, "num_statements": 0, "percent_covered": 100.0, "percent_covered_display": "100", "missing_lines": 0, "excluded_lines": 0}, "missing_lines": [], "excluded_lines": []}, "CriterionQuestionDto.Config": {"executed_lines": [], "summary": {"covered_lines": 0, "num_statements": 0, "percent_covered": 100.0, "percent_covered_display": "100", "missing_lines": 0, "excluded_lines": 0}, "missing_lines": [], "excluded_lines": []}, "": {"executed_lines": [1, 5, 6, 9, 10, 11, 12, 13, 14, 15, 16, 17, 18, 19, 20, 22, 23, 24], "summary": {"covered_lines": 16, "num_statements": 16, "percent_covered": 100.0, "percent_covered_display": "100", "missing_lines": 0, "excluded_lines": 0}, "missing_lines": [], "excluded_lines": []}}}, "app/api/endpoints.py": {"executed_lines": [], "summary": {"covered_lines": 0, "num_statements": 1054, "percent_covered": 0.0, "percent_covered_display": "0", "missing_lines": 1054, "excluded_lines": 0}, "missing_lines": [1, 2, 3, 46, 56, 57, 58, 59, 60, 61, 62, 63, 64, 66, 69, 70, 78, 80, 81, 105, 112, 114, 120, 121, 131, 134, 140, 141, 147, 148, 160, 161, 162, 163, 164, 165, 166, 170, 172, 173, 174, 175, 176, 177, 179, 181, 191, 192, 198, 199, 206, 207, 208, 209, 210, 211, 212, 213, 214, 217, 224, 228, 230, 231, 234, 235, 236, 237, 240, 246, 254, 262, 272, 275, 288, 293, 294, 297, 298, 299, 308, 316, 336, 337, 343, 344, 350, 351, 352, 354, 357, 369, 376, 383, 390, 391, 392, 394, 395, 397, 399, 407, 408, 414, 415, 421, 422, 423, 425, 428, 440, 447, 454, 461, 462, 463, 465, 466, 468, 470, 471, 473, 475, 483, 484, 490, 491, 501, 503, 511, 513, 514, 515, 523, 533, 535, 539, 541, 542, 544, 550, 551, 558, 559, 560, 563, 564, 565, 568, 569, 576, 577, 585, 594, 601, 602, 603, 604, 605, 606, 608, 609, 610, 612, 617, 618, 624, 625, 632, 634, 635, 637, 638, 643, 644, 649, 650, 656, 671, 672, 673, 675, 682, 689, 691, 695, 697, 698, 700, 708, 709, 721, 722, 725, 749, 752, 753, 756, 759, 765, 785, 787, 788, 796, 797, 802, 803, 805, 806, 807, 808, 810, 811, 817, 819, 828, 829, 830, 832, 838, 839, 841, 846, 847, 848, 849, 855, 856, 861, 862, 864, 865, 866, 867, 869, 870, 875, 876, 877, 878, 880, 881, 882, 883, 885, 894, 895, 896, 897, 899, 900, 902, 909, 910, 912, 914, 918, 919, 920, 921, 927, 928, 932, 933, 934, 935, 937, 938, 939, 941, 942, 947, 952, 953, 954, 955, 956, 962, 963, 967, 968, 969, 971, 973, 974, 975, 976, 977, 979, 980, 981, 982, 983, 984, 990, 991, 995, 997, 1003, 1004, 1010, 1011, 1015, 1016, 1017, 1018, 1020, 1024, 1030, 1034, 1035, 1040, 1041, 1049, 1050, 1052, 1053, 1054, 1056, 1057, 1059, 1078, 1081, 1082, 1083, 1086, 1109, 1110, 1112, 1113, 1116, 1121, 1135, 1137, 1138, 1144, 1145, 1154, 1155, 1157, 1158, 1159, 1161, 1163, 1177, 1180, 1181, 1183, 1191, 1194, 1195, 1198, 1201, 1204, 1210, 1225, 1227, 1228, 1240, 1241, 1249, 1250, 1251, 1252, 1253, 1259, 1266, 1267, 1268, 1271, 1272, 1277, 1278, 1279, 1280, 1281, 1282, 1283, 1284, 1292, 1293, 1296, 1297, 1301, 1302, 1303, 1304, 1305, 1306, 1307, 1312, 1315, 1316, 1320, 1321, 1322, 1323, 1324, 1325, 1326, 1331, 1336, 1337, 1342, 1343, 1344, 1345, 1346, 1347, 1348, 1350, 1351, 1352, 1355, 1356, 1357, 1358, 1361, 1362, 1363, 1364, 1370, 1372, 1373, 1374, 1376, 1380, 1382, 1383, 1390, 1393, 1394, 1395, 1402, 1403, 1404, 1407, 1408, 1413, 1414, 1415, 1416, 1417, 1418, 1420, 1421, 1422, 1423, 1424, 1426, 1427, 1428, 1429, 1435, 1437, 1438, 1439, 1440, 1444, 1446, 1447, 1448, 1450, 1451, 1452, 1460, 1461, 1462, 1463, 1466, 1467, 1472, 1473, 1474, 1475, 1476, 1477, 1479, 1480, 1481, 1482, 1483, 1485, 1486, 1487, 1488, 1494, 1496, 1497, 1498, 1499, 1503, 1505, 1506, 1507, 1510, 1511, 1512, 1518, 1519, 1521, 1527, 1528, 1533, 1534, 1535, 1538, 1539, 1540, 1543, 1544, 1545, 1553, 1554, 1555, 1558, 1559, 1560, 1563, 1564, 1565, 1570, 1572, 1573, 1574, 1575, 1576, 1578, 1579, 1580, 1581, 1582, 1583, 1585, 1587, 1588, 1589, 1590, 1592, 1595, 1597, 1603, 1605, 1606, 1607, 1608, 1610, 1612, 1615, 1617, 1619, 1620, 1621, 1622, 1624, 1625, 1626, 1627, 1633, 1639, 1642, 1644, 1647, 1648, 1649, 1650, 1652, 1655, 1656, 1657, 1658, 1659, 1660, 1661, 1663, 1665, 1668, 1670, 1671, 1672, 1673, 1674, 1675, 1677, 1680, 1681, 1692, 1694, 1695, 1696, 1697, 1698, 1699, 1702, 1704, 1711, 1712, 1716, 1717, 1723, 1724, 1731, 1732, 1733, 1737, 1738, 1744, 1745, 1755, 1756, 1758, 1759, 1760, 1763, 1764, 1765, 1768, 1769, 1770, 1771, 1774, 1775, 1777, 1778, 1779, 1780, 1781, 1782, 1783, 1789, 1790, 1793, 1794, 1797, 1798, 1799, 1802, 1803, 1804, 1806, 1819, 1821, 1822, 1823, 1827, 1828, 1834, 1835, 1841, 1842, 1844, 1845, 1847, 1854, 1855, 1859, 1860, 1866, 1867, 1874, 1875, 1877, 1878, 1880, 1887, 1888, 1892, 1893, 1901, 1902, 1915, 1916, 1917, 1920, 1921, 1922, 1928, 1931, 1932, 1934, 1936, 1949, 1960, 1961, 1964, 1966, 1981, 1983, 1984, 1985, 1986, 1992, 1993, 2001, 2002, 2003, 2005, 2006, 2007, 2008, 2010, 2011, 2013, 2014, 2015, 2016, 2019, 2022, 2023, 2024, 2036, 2047, 2049, 2050, 2051, 2053, 2054, 2056, 2066, 2068, 2069, 2075, 2076, 2085, 2086, 2087, 2090, 2091, 2092, 2098, 2100, 2101, 2104, 2106, 2107, 2108, 2109, 2112, 2113, 2115, 2116, 2117, 2118, 2119, 2120, 2121, 2124, 2125, 2127, 2128, 2132, 2147, 2149, 2150, 2151, 2152, 2159, 2161, 2162, 2163, 2165, 2168, 2171, 2175, 2184, 2185, 2198, 2199, 2200, 2203, 2212, 2224, 2233, 2234, 2235, 2251, 2253, 2268, 2270, 2271, 2277, 2278, 2286, 2287, 2288, 2290, 2291, 2292, 2294, 2295, 2297, 2306, 2318, 2327, 2328, 2329, 2345, 2347, 2348, 2350, 2351, 2353, 2368, 2370, 2371, 2377, 2378, 2386, 2387, 2388, 2389, 2391, 2392, 2393, 2396, 2397, 2398, 2399, 2400, 2401, 2402, 2403, 2404, 2405, 2408, 2409, 2412, 2417, 2418, 2421, 2422, 2425, 2426, 2429, 2430, 2433, 2434, 2438, 2440, 2441, 2445, 2446, 2450, 2466, 2468, 2469, 2475, 2476, 2483, 2484, 2485, 2486, 2487, 2490, 2496, 2501, 2502, 2504, 2505, 2507, 2509, 2510, 2514, 2515, 2521, 2522, 2535, 2536, 2537, 2538, 2539, 2540, 2543, 2544, 2545, 2546, 2552, 2558, 2563, 2564, 2566, 2567, 2569, 2577, 2578, 2582, 2583, 2589, 2590, 2603, 2604, 2605, 2606, 2607, 2608, 2611, 2612, 2613, 2614, 2620, 2626, 2631, 2632, 2634, 2635, 2637, 2645, 2646, 2650, 2651, 2657, 2658, 2665, 2666, 2667, 2668, 2669, 2672, 2678, 2683, 2684, 2686, 2687, 2689, 2691, 2692, 2696, 2697, 2703, 2704, 2715, 2716, 2717, 2718, 2719, 2721, 2722, 2729, 2735, 2740, 2741, 2743, 2744, 2746, 2752, 2753, 2757, 2758, 2764, 2765, 2782, 2783, 2784, 2787, 2790, 2791, 2792, 2798, 2801, 2805, 2821, 2822, 2823, 2824, 2829, 2830, 2844, 2845, 2846, 2847, 2850, 2853, 2854, 2855, 2861, 2862, 2863, 2864, 2866, 2872, 2880, 2893, 2894, 2895, 2896, 2901, 2902, 2908, 2909, 2910, 2911, 2912, 2913, 2914, 2915, 2916, 2917, 2918, 2919, 2922, 2929, 2933, 2935, 2936, 2939, 2940, 2941, 2942, 2945, 2946, 2954, 2957, 2958, 2962, 2968, 2971, 2972, 2975, 2976, 2979, 2980, 2983, 2984, 2991, 2997, 3002, 3005, 3012, 3013, 3018, 3021, 3028, 3038, 3045, 3053, 3054, 3064, 3065, 3066, 3073, 3086, 3091, 3092, 3095, 3096, 3097, 3106, 3115, 3136, 3139, 3141, 3142, 3147, 3149], "excluded_lines": [], "functions": {"deconstruct_endpoint": {"executed_lines": [], "summary": {"covered_lines": 0, "num_statements": 6, "percent_covered": 0.0, "percent_covered_display": "0", "missing_lines": 6, "excluded_lines": 0}, "missing_lines": [78, 80, 81, 105, 112, 114], "excluded_lines": []}, "get_chat_history": {"executed_lines": [], "summary": {"covered_lines": 0, "num_statements": 4, "percent_covered": 0.0, "percent_covered_display": "0", "missing_lines": 4, "excluded_lines": 0}, "missing_lines": [131, 134, 140, 141], "excluded_lines": []}, "ai_chat_endpoint": {"executed_lines": [], "summary": {"covered_lines": 0, "num_statements": 18, "percent_covered": 0.0, "percent_covered_display": "0", "missing_lines": 18, "excluded_lines": 0}, "missing_lines": [160, 161, 162, 163, 164, 165, 166, 170, 172, 173, 174, 175, 176, 177, 179, 181, 191, 192], "excluded_lines": []}, "chat_endpoint": {"executed_lines": [], "summary": {"covered_lines": 0, "num_statements": 34, "percent_covered": 0.0, "percent_covered_display": "0", "missing_lines": 34, "excluded_lines": 0}, "missing_lines": [206, 207, 208, 209, 210, 211, 212, 213, 214, 217, 224, 228, 230, 231, 234, 235, 236, 237, 240, 246, 254, 262, 272, 275, 288, 293, 294, 297, 298, 299, 308, 316, 336, 337], "excluded_lines": []}, "generate_notes_endpoint": {"executed_lines": [], "summary": {"covered_lines": 0, "num_statements": 17, "percent_covered": 0.0, "percent_covered_display": "0", "missing_lines": 17, "excluded_lines": 0}, "missing_lines": [350, 351, 352, 354, 357, 369, 376, 383, 390, 391, 392, 394, 395, 397, 399, 407, 408], "excluded_lines": []}, "generate_questions_endpoint": {"executed_lines": [], "summary": {"covered_lines": 0, "num_statements": 20, "percent_covered": 0.0, "percent_covered_display": "0", "missing_lines": 20, "excluded_lines": 0}, "missing_lines": [421, 422, 423, 425, 428, 440, 447, 454, 461, 462, 463, 465, 466, 468, 470, 471, 473, 475, 483, 484], "excluded_lines": []}, "generate_questions_from_blueprint_endpoint": {"executed_lines": [], "summary": {"covered_lines": 0, "num_statements": 13, "percent_covered": 0.0, "percent_covered_display": "0", "missing_lines": 13, "excluded_lines": 0}, "missing_lines": [501, 503, 511, 513, 514, 515, 523, 533, 535, 539, 541, 542, 544], "excluded_lines": []}, "inline_suggestions_endpoint": {"executed_lines": [], "summary": {"covered_lines": 0, "num_statements": 24, "percent_covered": 0.0, "percent_covered_display": "0", "missing_lines": 24, "excluded_lines": 0}, "missing_lines": [558, 559, 560, 563, 564, 565, 568, 569, 576, 577, 585, 594, 601, 602, 603, 604, 605, 606, 608, 609, 610, 612, 617, 618], "excluded_lines": []}, "evaluate_answer_endpoint": {"executed_lines": [], "summary": {"covered_lines": 0, "num_statements": 21, "percent_covered": 0.0, "percent_covered_display": "0", "missing_lines": 21, "excluded_lines": 0}, "missing_lines": [632, 634, 635, 637, 638, 643, 644, 649, 650, 656, 671, 672, 673, 675, 682, 689, 691, 695, 697, 698, 700], "excluded_lines": []}, "evaluate_answer_criterion_endpoint": {"executed_lines": [], "summary": {"covered_lines": 0, "num_statements": 12, "percent_covered": 0.0, "percent_covered_display": "0", "missing_lines": 12, "excluded_lines": 0}, "missing_lines": [721, 722, 725, 749, 752, 753, 756, 759, 765, 785, 787, 788], "excluded_lines": []}, "evaluate_answer_basic_endpoint": {"executed_lines": [], "summary": {"covered_lines": 0, "num_statements": 21, "percent_covered": 0.0, "percent_covered_display": "0", "missing_lines": 21, "excluded_lines": 0}, "missing_lines": [802, 803, 805, 806, 807, 808, 810, 811, 817, 819, 828, 829, 830, 832, 838, 839, 841, 846, 847, 848, 849], "excluded_lines": []}, "evaluate_answer_by_criterion_endpoint": {"executed_lines": [], "summary": {"covered_lines": 0, "num_statements": 32, "percent_covered": 0.0, "percent_covered_display": "0", "missing_lines": 32, "excluded_lines": 0}, "missing_lines": [861, 862, 864, 865, 866, 867, 869, 870, 875, 876, 877, 878, 880, 881, 882, 883, 885, 894, 895, 896, 897, 899, 900, 902, 909, 910, 912, 914, 918, 919, 920, 921], "excluded_lines": []}, "evaluate_answers_batch_endpoint": {"executed_lines": [], "summary": {"covered_lines": 0, "num_statements": 15, "percent_covered": 0.0, "percent_covered_display": "0", "missing_lines": 15, "excluded_lines": 0}, "missing_lines": [932, 933, 934, 935, 937, 938, 939, 941, 942, 947, 952, 953, 954, 955, 956], "excluded_lines": []}, "evaluate_mastery_endpoint": {"executed_lines": [], "summary": {"covered_lines": 0, "num_statements": 15, "percent_covered": 0.0, "percent_covered_display": "0", "missing_lines": 15, "excluded_lines": 0}, "missing_lines": [967, 968, 969, 971, 973, 974, 975, 976, 977, 979, 980, 981, 982, 983, 984], "excluded_lines": []}, "evaluation_analytics_endpoint": {"executed_lines": [], "summary": {"covered_lines": 0, "num_statements": 4, "percent_covered": 0.0, "percent_covered_display": "0", "missing_lines": 4, "excluded_lines": 0}, "missing_lines": [995, 997, 1003, 1004], "excluded_lines": []}, "evaluation_feedback_endpoint": {"executed_lines": [], "summary": {"covered_lines": 0, "num_statements": 9, "percent_covered": 0.0, "percent_covered_display": "0", "missing_lines": 9, "excluded_lines": 0}, "missing_lines": [1015, 1016, 1017, 1018, 1020, 1024, 1030, 1034, 1035], "excluded_lines": []}, "evaluate_batch_answers_criterion_endpoint": {"executed_lines": [], "summary": {"covered_lines": 0, "num_statements": 22, "percent_covered": 0.0, "percent_covered_display": "0", "missing_lines": 22, "excluded_lines": 0}, "missing_lines": [1049, 1050, 1052, 1053, 1054, 1056, 1057, 1059, 1078, 1081, 1082, 1083, 1086, 1109, 1110, 1112, 1113, 1116, 1121, 1135, 1137, 1138], "excluded_lines": []}, "evaluate_mastery_assessment_endpoint": {"executed_lines": [], "summary": {"covered_lines": 0, "num_statements": 21, "percent_covered": 0.0, "percent_covered_display": "0", "missing_lines": 21, "excluded_lines": 0}, "missing_lines": [1154, 1155, 1157, 1158, 1159, 1161, 1163, 1177, 1180, 1181, 1183, 1191, 1194, 1195, 1198, 1201, 1204, 1210, 1225, 1227, 1228], "excluded_lines": []}, "questions_from_blueprint_compat": {"executed_lines": [], "summary": {"covered_lines": 0, "num_statements": 9, "percent_covered": 0.0, "percent_covered_display": "0", "missing_lines": 9, "excluded_lines": 0}, "missing_lines": [1249, 1250, 1251, 1252, 1253, 1259, 1266, 1267, 1268], "excluded_lines": []}, "questions_batch_compat": {"executed_lines": [], "summary": {"covered_lines": 0, "num_statements": 10, "percent_covered": 0.0, "percent_covered_display": "0", "missing_lines": 10, "excluded_lines": 0}, "missing_lines": [1277, 1278, 1279, 1280, 1281, 1282, 1283, 1284, 1292, 1293], "excluded_lines": []}, "questions_types_compat": {"executed_lines": [], "summary": {"covered_lines": 0, "num_statements": 8, "percent_covered": 0.0, "percent_covered_display": "0", "missing_lines": 8, "excluded_lines": 0}, "missing_lines": [1301, 1302, 1303, 1304, 1305, 1306, 1307, 1312], "excluded_lines": []}, "questions_generate_compat": {"executed_lines": [], "summary": {"covered_lines": 0, "num_statements": 8, "percent_covered": 0.0, "percent_covered_display": "0", "missing_lines": 8, "excluded_lines": 0}, "missing_lines": [1320, 1321, 1322, 1323, 1324, 1325, 1326, 1331], "excluded_lines": []}, "search_vector": {"executed_lines": [], "summary": {"covered_lines": 0, "num_statements": 33, "percent_covered": 0.0, "percent_covered_display": "0", "missing_lines": 33, "excluded_lines": 0}, "missing_lines": [1342, 1343, 1344, 1345, 1346, 1347, 1348, 1350, 1351, 1352, 1355, 1356, 1357, 1358, 1361, 1362, 1363, 1364, 1370, 1372, 1373, 1374, 1376, 1380, 1382, 1383, 1390, 1393, 1394, 1395, 1402, 1403, 1404], "excluded_lines": []}, "search_semantic": {"executed_lines": [], "summary": {"covered_lines": 0, "num_statements": 31, "percent_covered": 0.0, "percent_covered_display": "0", "missing_lines": 31, "excluded_lines": 0}, "missing_lines": [1413, 1414, 1415, 1416, 1417, 1418, 1420, 1421, 1422, 1423, 1424, 1426, 1427, 1428, 1429, 1435, 1437, 1438, 1439, 1440, 1444, 1446, 1447, 1448, 1450, 1451, 1452, 1460, 1461, 1462, 1463], "excluded_lines": []}, "chat_handler": {"executed_lines": [], "summary": {"covered_lines": 0, "num_statements": 32, "percent_covered": 0.0, "percent_covered_display": "0", "missing_lines": 32, "excluded_lines": 0}, "missing_lines": [1472, 1473, 1474, 1475, 1476, 1477, 1479, 1480, 1481, 1482, 1483, 1485, 1486, 1487, 1488, 1494, 1496, 1497, 1498, 1499, 1503, 1505, 1506, 1507, 1510, 1511, 1512, 1518, 1519, 1521, 1527, 1528], "excluded_lines": []}, "analytics_search_compat": {"executed_lines": [], "summary": {"covered_lines": 0, "num_statements": 1, "percent_covered": 0.0, "percent_covered_display": "0", "missing_lines": 1, "excluded_lines": 0}, "missing_lines": [1535], "excluded_lines": []}, "analytics_user_compat": {"executed_lines": [], "summary": {"covered_lines": 0, "num_statements": 1, "percent_covered": 0.0, "percent_covered_display": "0", "missing_lines": 1, "excluded_lines": 0}, "missing_lines": [1540], "excluded_lines": []}, "analytics_system_performance_compat": {"executed_lines": [], "summary": {"covered_lines": 0, "num_statements": 1, "percent_covered": 0.0, "percent_covered_display": "0", "missing_lines": 1, "excluded_lines": 0}, "missing_lines": [1545], "excluded_lines": []}, "analytics_endpoints_compat": {"executed_lines": [], "summary": {"covered_lines": 0, "num_statements": 1, "percent_covered": 0.0, "percent_covered_display": "0", "missing_lines": 1, "excluded_lines": 0}, "missing_lines": [1555], "excluded_lines": []}, "analytics_errors_compat": {"executed_lines": [], "summary": {"covered_lines": 0, "num_statements": 1, "percent_covered": 0.0, "percent_covered_display": "0", "missing_lines": 1, "excluded_lines": 0}, "missing_lines": [1560], "excluded_lines": []}, "analytics_trends_compat": {"executed_lines": [], "summary": {"covered_lines": 0, "num_statements": 1, "percent_covered": 0.0, "percent_covered_display": "0", "missing_lines": 1, "excluded_lines": 0}, "missing_lines": [1565], "excluded_lines": []}, "_determine_mastery_level": {"executed_lines": [], "summary": {"covered_lines": 0, "num_statements": 17, "percent_covered": 0.0, "percent_covered_display": "0", "missing_lines": 17, "excluded_lines": 0}, "missing_lines": [1572, 1573, 1574, 1575, 1576, 1578, 1579, 1580, 1581, 1582, 1583, 1585, 1587, 1588, 1589, 1590, 1592], "excluded_lines": []}, "_generate_uee_feedback": {"executed_lines": [], "summary": {"covered_lines": 0, "num_statements": 8, "percent_covered": 0.0, "percent_covered_display": "0", "missing_lines": 8, "excluded_lines": 0}, "missing_lines": [1597, 1603, 1605, 1606, 1607, 1608, 1610, 1612], "excluded_lines": []}, "_analyze_uee_progression": {"executed_lines": [], "summary": {"covered_lines": 0, "num_statements": 11, "percent_covered": 0.0, "percent_covered_display": "0", "missing_lines": 11, "excluded_lines": 0}, "missing_lines": [1617, 1619, 1620, 1621, 1622, 1624, 1625, 1626, 1627, 1633, 1639], "excluded_lines": []}, "_generate_comprehensive_feedback": {"executed_lines": [], "summary": {"covered_lines": 0, "num_statements": 15, "percent_covered": 0.0, "percent_covered_display": "0", "missing_lines": 15, "excluded_lines": 0}, "missing_lines": [1644, 1647, 1648, 1649, 1650, 1652, 1655, 1656, 1657, 1658, 1659, 1660, 1661, 1663, 1665], "excluded_lines": []}, "_determine_primitive_mastery_level": {"executed_lines": [], "summary": {"covered_lines": 0, "num_statements": 7, "percent_covered": 0.0, "percent_covered_display": "0", "missing_lines": 7, "excluded_lines": 0}, "missing_lines": [1670, 1671, 1672, 1673, 1674, 1675, 1677], "excluded_lines": []}, "get_usage_stats": {"executed_lines": [], "summary": {"covered_lines": 0, "num_statements": 13, "percent_covered": 0.0, "percent_covered_display": "0", "missing_lines": 13, "excluded_lines": 0}, "missing_lines": [1692, 1694, 1695, 1696, 1697, 1698, 1699, 1702, 1704, 1711, 1712, 1716, 1717], "excluded_lines": []}, "get_recent_usage": {"executed_lines": [], "summary": {"covered_lines": 0, "num_statements": 5, "percent_covered": 0.0, "percent_covered_display": "0", "missing_lines": 5, "excluded_lines": 0}, "missing_lines": [1731, 1732, 1733, 1737, 1738], "excluded_lines": []}, "index_blueprint_endpoint": {"executed_lines": [], "summary": {"covered_lines": 0, "num_statements": 38, "percent_covered": 0.0, "percent_covered_display": "0", "missing_lines": 38, "excluded_lines": 0}, "missing_lines": [1755, 1756, 1758, 1759, 1760, 1763, 1764, 1765, 1768, 1769, 1770, 1771, 1774, 1775, 1777, 1778, 1779, 1780, 1781, 1782, 1783, 1789, 1790, 1793, 1794, 1797, 1798, 1799, 1802, 1803, 1804, 1806, 1819, 1821, 1822, 1823, 1827, 1828], "excluded_lines": []}, "get_indexing_stats": {"executed_lines": [], "summary": {"covered_lines": 0, "num_statements": 9, "percent_covered": 0.0, "percent_covered_display": "0", "missing_lines": 9, "excluded_lines": 0}, "missing_lines": [1841, 1842, 1844, 1845, 1847, 1854, 1855, 1859, 1860], "excluded_lines": []}, "delete_blueprint_index": {"executed_lines": [], "summary": {"covered_lines": 0, "num_statements": 9, "percent_covered": 0.0, "percent_covered_display": "0", "missing_lines": 9, "excluded_lines": 0}, "missing_lines": [1874, 1875, 1877, 1878, 1880, 1887, 1888, 1892, 1893], "excluded_lines": []}, "get_blueprint_primitives_endpoint": {"executed_lines": [], "summary": {"covered_lines": 0, "num_statements": 21, "percent_covered": 0.0, "percent_covered_display": "0", "missing_lines": 21, "excluded_lines": 0}, "missing_lines": [1915, 1916, 1917, 1920, 1921, 1922, 1928, 1931, 1932, 1934, 1936, 1949, 1960, 1961, 1964, 1966, 1981, 1983, 1984, 1985, 1986], "excluded_lines": []}, "get_batch_blueprint_primitives_endpoint": {"executed_lines": [], "summary": {"covered_lines": 0, "num_statements": 28, "percent_covered": 0.0, "percent_covered_display": "0", "missing_lines": 28, "excluded_lines": 0}, "missing_lines": [2001, 2002, 2003, 2005, 2006, 2007, 2008, 2010, 2011, 2013, 2014, 2015, 2016, 2019, 2022, 2023, 2024, 2036, 2047, 2049, 2050, 2051, 2053, 2054, 2056, 2066, 2068, 2069], "excluded_lines": []}, "validate_blueprint_primitives_endpoint": {"executed_lines": [], "summary": {"covered_lines": 0, "num_statements": 33, "percent_covered": 0.0, "percent_covered_display": "0", "missing_lines": 33, "excluded_lines": 0}, "missing_lines": [2085, 2086, 2087, 2090, 2091, 2092, 2098, 2100, 2101, 2104, 2106, 2107, 2108, 2109, 2112, 2113, 2115, 2116, 2117, 2118, 2119, 2120, 2121, 2124, 2125, 2127, 2128, 2132, 2147, 2149, 2150, 2151, 2152], "excluded_lines": []}, "_calculate_uee_distribution_stats": {"executed_lines": [], "summary": {"covered_lines": 0, "num_statements": 7, "percent_covered": 0.0, "percent_covered_display": "0", "missing_lines": 7, "excluded_lines": 0}, "missing_lines": [2161, 2162, 2163, 2165, 2168, 2171, 2175], "excluded_lines": []}, "generate_core_api_questions_endpoint": {"executed_lines": [], "summary": {"covered_lines": 0, "num_statements": 14, "percent_covered": 0.0, "percent_covered_display": "0", "missing_lines": 14, "excluded_lines": 0}, "missing_lines": [2198, 2199, 2200, 2203, 2212, 2224, 2233, 2234, 2235, 2251, 2253, 2268, 2270, 2271], "excluded_lines": []}, "generate_batch_core_api_questions_endpoint": {"executed_lines": [], "summary": {"covered_lines": 0, "num_statements": 23, "percent_covered": 0.0, "percent_covered_display": "0", "missing_lines": 23, "excluded_lines": 0}, "missing_lines": [2286, 2287, 2288, 2290, 2291, 2292, 2294, 2295, 2297, 2306, 2318, 2327, 2328, 2329, 2345, 2347, 2348, 2350, 2351, 2353, 2368, 2370, 2371], "excluded_lines": []}, "validate_core_api_questions_endpoint": {"executed_lines": [], "summary": {"covered_lines": 0, "num_statements": 39, "percent_covered": 0.0, "percent_covered_display": "0", "missing_lines": 39, "excluded_lines": 0}, "missing_lines": [2386, 2387, 2388, 2389, 2391, 2392, 2393, 2396, 2397, 2398, 2399, 2400, 2401, 2402, 2403, 2404, 2405, 2408, 2409, 2412, 2417, 2418, 2421, 2422, 2425, 2426, 2429, 2430, 2433, 2434, 2438, 2440, 2441, 2445, 2446, 2450, 2466, 2468, 2469], "excluded_lines": []}, "search_nodes_endpoint": {"executed_lines": [], "summary": {"covered_lines": 0, "num_statements": 16, "percent_covered": 0.0, "percent_covered_display": "0", "missing_lines": 16, "excluded_lines": 0}, "missing_lines": [2483, 2484, 2485, 2486, 2487, 2490, 2496, 2501, 2502, 2504, 2505, 2507, 2509, 2510, 2514, 2515], "excluded_lines": []}, "search_by_locus_type_endpoint": {"executed_lines": [], "summary": {"covered_lines": 0, "num_statements": 21, "percent_covered": 0.0, "percent_covered_display": "0", "missing_lines": 21, "excluded_lines": 0}, "missing_lines": [2535, 2536, 2537, 2538, 2539, 2540, 2543, 2544, 2545, 2546, 2552, 2558, 2563, 2564, 2566, 2567, 2569, 2577, 2578, 2582, 2583], "excluded_lines": []}, "search_by_uue_stage_endpoint": {"executed_lines": [], "summary": {"covered_lines": 0, "num_statements": 21, "percent_covered": 0.0, "percent_covered_display": "0", "missing_lines": 21, "excluded_lines": 0}, "missing_lines": [2603, 2604, 2605, 2606, 2607, 2608, 2611, 2612, 2613, 2614, 2620, 2626, 2631, 2632, 2634, 2635, 2637, 2645, 2646, 2650, 2651], "excluded_lines": []}, "search_related_loci_endpoint": {"executed_lines": [], "summary": {"covered_lines": 0, "num_statements": 16, "percent_covered": 0.0, "percent_covered_display": "0", "missing_lines": 16, "excluded_lines": 0}, "missing_lines": [2665, 2666, 2667, 2668, 2669, 2672, 2678, 2683, 2684, 2686, 2687, 2689, 2691, 2692, 2696, 2697], "excluded_lines": []}, "get_search_suggestions_endpoint": {"executed_lines": [], "summary": {"covered_lines": 0, "num_statements": 18, "percent_covered": 0.0, "percent_covered_display": "0", "missing_lines": 18, "excluded_lines": 0}, "missing_lines": [2715, 2716, 2717, 2718, 2719, 2721, 2722, 2729, 2735, 2740, 2741, 2743, 2744, 2746, 2752, 2753, 2757, 2758], "excluded_lines": []}, "get_section_primitives_endpoint": {"executed_lines": [], "summary": {"covered_lines": 0, "num_statements": 14, "percent_covered": 0.0, "percent_covered_display": "0", "missing_lines": 14, "excluded_lines": 0}, "missing_lines": [2782, 2783, 2784, 2787, 2790, 2791, 2792, 2798, 2801, 2805, 2821, 2822, 2823, 2824], "excluded_lines": []}, "search_section_primitives_endpoint": {"executed_lines": [], "summary": {"covered_lines": 0, "num_statements": 19, "percent_covered": 0.0, "percent_covered_display": "0", "missing_lines": 19, "excluded_lines": 0}, "missing_lines": [2844, 2845, 2846, 2847, 2850, 2853, 2854, 2855, 2861, 2862, 2863, 2864, 2866, 2872, 2880, 2893, 2894, 2895, 2896], "excluded_lines": []}, "chat_stream_endpoint": {"executed_lines": [], "summary": {"covered_lines": 0, "num_statements": 2, "percent_covered": 0.0, "percent_covered_display": "0", "missing_lines": 2, "excluded_lines": 0}, "missing_lines": [2908, 3149], "excluded_lines": []}, "chat_stream_endpoint.generate_stream": {"executed_lines": [], "summary": {"covered_lines": 0, "num_statements": 63, "percent_covered": 0.0, "percent_covered_display": "0", "missing_lines": 63, "excluded_lines": 0}, "missing_lines": [2909, 2910, 2911, 2912, 2913, 2914, 2915, 2916, 2917, 2918, 2919, 2922, 2929, 2933, 2935, 2936, 2939, 2940, 2941, 2942, 2945, 2957, 2958, 2962, 2968, 2971, 2972, 2975, 2976, 2979, 2980, 2983, 2984, 2991, 2997, 3002, 3005, 3012, 3013, 3018, 3021, 3028, 3038, 3045, 3053, 3054, 3064, 3065, 3066, 3073, 3086, 3091, 3092, 3095, 3096, 3097, 3106, 3115, 3136, 3139, 3141, 3142, 3147], "excluded_lines": []}, "chat_stream_endpoint.generate_stream.send_status": {"executed_lines": [], "summary": {"covered_lines": 0, "num_statements": 2, "percent_covered": 0.0, "percent_covered_display": "0", "missing_lines": 2, "excluded_lines": 0}, "missing_lines": [2946, 2954], "excluded_lines": []}, "": {"executed_lines": [], "summary": {"covered_lines": 0, "num_statements": 120, "percent_covered": 0.0, "percent_covered_display": "0", "missing_lines": 120, "excluded_lines": 0}, "missing_lines": [1, 2, 3, 46, 56, 57, 58, 59, 60, 61, 62, 63, 64, 66, 69, 70, 120, 121, 147, 148, 198, 199, 343, 344, 414, 415, 490, 491, 550, 551, 624, 625, 708, 709, 796, 797, 855, 856, 927, 928, 962, 963, 990, 991, 1010, 1011, 1040, 1041, 1144, 1145, 1240, 1241, 1271, 1272, 1296, 1297, 1315, 1316, 1336, 1337, 1407, 1408, 1466, 1467, 1533, 1534, 1538, 1539, 1543, 1544, 1553, 1554, 1558, 1559, 1563, 1564, 1570, 1595, 1615, 1642, 1668, 1680, 1681, 1723, 1724, 1744, 1745, 1834, 1835, 1866, 1867, 1901, 1902, 1992, 1993, 2075, 2076, 2159, 2184, 2185, 2277, 2278, 2377, 2378, 2475, 2476, 2521, 2522, 2589, 2590, 2657, 2658, 2703, 2704, 2764, 2765, 2829, 2830, 2901, 2902], "excluded_lines": []}}, "classes": {"": {"executed_lines": [], "summary": {"covered_lines": 0, "num_statements": 1054, "percent_covered": 0.0, "percent_covered_display": "0", "missing_lines": 1054, "excluded_lines": 0}, "missing_lines": [1, 2, 3, 46, 56, 57, 58, 59, 60, 61, 62, 63, 64, 66, 69, 70, 78, 80, 81, 105, 112, 114, 120, 121, 131, 134, 140, 141, 147, 148, 160, 161, 162, 163, 164, 165, 166, 170, 172, 173, 174, 175, 176, 177, 179, 181, 191, 192, 198, 199, 206, 207, 208, 209, 210, 211, 212, 213, 214, 217, 224, 228, 230, 231, 234, 235, 236, 237, 240, 246, 254, 262, 272, 275, 288, 293, 294, 297, 298, 299, 308, 316, 336, 337, 343, 344, 350, 351, 352, 354, 357, 369, 376, 383, 390, 391, 392, 394, 395, 397, 399, 407, 408, 414, 415, 421, 422, 423, 425, 428, 440, 447, 454, 461, 462, 463, 465, 466, 468, 470, 471, 473, 475, 483, 484, 490, 491, 501, 503, 511, 513, 514, 515, 523, 533, 535, 539, 541, 542, 544, 550, 551, 558, 559, 560, 563, 564, 565, 568, 569, 576, 577, 585, 594, 601, 602, 603, 604, 605, 606, 608, 609, 610, 612, 617, 618, 624, 625, 632, 634, 635, 637, 638, 643, 644, 649, 650, 656, 671, 672, 673, 675, 682, 689, 691, 695, 697, 698, 700, 708, 709, 721, 722, 725, 749, 752, 753, 756, 759, 765, 785, 787, 788, 796, 797, 802, 803, 805, 806, 807, 808, 810, 811, 817, 819, 828, 829, 830, 832, 838, 839, 841, 846, 847, 848, 849, 855, 856, 861, 862, 864, 865, 866, 867, 869, 870, 875, 876, 877, 878, 880, 881, 882, 883, 885, 894, 895, 896, 897, 899, 900, 902, 909, 910, 912, 914, 918, 919, 920, 921, 927, 928, 932, 933, 934, 935, 937, 938, 939, 941, 942, 947, 952, 953, 954, 955, 956, 962, 963, 967, 968, 969, 971, 973, 974, 975, 976, 977, 979, 980, 981, 982, 983, 984, 990, 991, 995, 997, 1003, 1004, 1010, 1011, 1015, 1016, 1017, 1018, 1020, 1024, 1030, 1034, 1035, 1040, 1041, 1049, 1050, 1052, 1053, 1054, 1056, 1057, 1059, 1078, 1081, 1082, 1083, 1086, 1109, 1110, 1112, 1113, 1116, 1121, 1135, 1137, 1138, 1144, 1145, 1154, 1155, 1157, 1158, 1159, 1161, 1163, 1177, 1180, 1181, 1183, 1191, 1194, 1195, 1198, 1201, 1204, 1210, 1225, 1227, 1228, 1240, 1241, 1249, 1250, 1251, 1252, 1253, 1259, 1266, 1267, 1268, 1271, 1272, 1277, 1278, 1279, 1280, 1281, 1282, 1283, 1284, 1292, 1293, 1296, 1297, 1301, 1302, 1303, 1304, 1305, 1306, 1307, 1312, 1315, 1316, 1320, 1321, 1322, 1323, 1324, 1325, 1326, 1331, 1336, 1337, 1342, 1343, 1344, 1345, 1346, 1347, 1348, 1350, 1351, 1352, 1355, 1356, 1357, 1358, 1361, 1362, 1363, 1364, 1370, 1372, 1373, 1374, 1376, 1380, 1382, 1383, 1390, 1393, 1394, 1395, 1402, 1403, 1404, 1407, 1408, 1413, 1414, 1415, 1416, 1417, 1418, 1420, 1421, 1422, 1423, 1424, 1426, 1427, 1428, 1429, 1435, 1437, 1438, 1439, 1440, 1444, 1446, 1447, 1448, 1450, 1451, 1452, 1460, 1461, 1462, 1463, 1466, 1467, 1472, 1473, 1474, 1475, 1476, 1477, 1479, 1480, 1481, 1482, 1483, 1485, 1486, 1487, 1488, 1494, 1496, 1497, 1498, 1499, 1503, 1505, 1506, 1507, 1510, 1511, 1512, 1518, 1519, 1521, 1527, 1528, 1533, 1534, 1535, 1538, 1539, 1540, 1543, 1544, 1545, 1553, 1554, 1555, 1558, 1559, 1560, 1563, 1564, 1565, 1570, 1572, 1573, 1574, 1575, 1576, 1578, 1579, 1580, 1581, 1582, 1583, 1585, 1587, 1588, 1589, 1590, 1592, 1595, 1597, 1603, 1605, 1606, 1607, 1608, 1610, 1612, 1615, 1617, 1619, 1620, 1621, 1622, 1624, 1625, 1626, 1627, 1633, 1639, 1642, 1644, 1647, 1648, 1649, 1650, 1652, 1655, 1656, 1657, 1658, 1659, 1660, 1661, 1663, 1665, 1668, 1670, 1671, 1672, 1673, 1674, 1675, 1677, 1680, 1681, 1692, 1694, 1695, 1696, 1697, 1698, 1699, 1702, 1704, 1711, 1712, 1716, 1717, 1723, 1724, 1731, 1732, 1733, 1737, 1738, 1744, 1745, 1755, 1756, 1758, 1759, 1760, 1763, 1764, 1765, 1768, 1769, 1770, 1771, 1774, 1775, 1777, 1778, 1779, 1780, 1781, 1782, 1783, 1789, 1790, 1793, 1794, 1797, 1798, 1799, 1802, 1803, 1804, 1806, 1819, 1821, 1822, 1823, 1827, 1828, 1834, 1835, 1841, 1842, 1844, 1845, 1847, 1854, 1855, 1859, 1860, 1866, 1867, 1874, 1875, 1877, 1878, 1880, 1887, 1888, 1892, 1893, 1901, 1902, 1915, 1916, 1917, 1920, 1921, 1922, 1928, 1931, 1932, 1934, 1936, 1949, 1960, 1961, 1964, 1966, 1981, 1983, 1984, 1985, 1986, 1992, 1993, 2001, 2002, 2003, 2005, 2006, 2007, 2008, 2010, 2011, 2013, 2014, 2015, 2016, 2019, 2022, 2023, 2024, 2036, 2047, 2049, 2050, 2051, 2053, 2054, 2056, 2066, 2068, 2069, 2075, 2076, 2085, 2086, 2087, 2090, 2091, 2092, 2098, 2100, 2101, 2104, 2106, 2107, 2108, 2109, 2112, 2113, 2115, 2116, 2117, 2118, 2119, 2120, 2121, 2124, 2125, 2127, 2128, 2132, 2147, 2149, 2150, 2151, 2152, 2159, 2161, 2162, 2163, 2165, 2168, 2171, 2175, 2184, 2185, 2198, 2199, 2200, 2203, 2212, 2224, 2233, 2234, 2235, 2251, 2253, 2268, 2270, 2271, 2277, 2278, 2286, 2287, 2288, 2290, 2291, 2292, 2294, 2295, 2297, 2306, 2318, 2327, 2328, 2329, 2345, 2347, 2348, 2350, 2351, 2353, 2368, 2370, 2371, 2377, 2378, 2386, 2387, 2388, 2389, 2391, 2392, 2393, 2396, 2397, 2398, 2399, 2400, 2401, 2402, 2403, 2404, 2405, 2408, 2409, 2412, 2417, 2418, 2421, 2422, 2425, 2426, 2429, 2430, 2433, 2434, 2438, 2440, 2441, 2445, 2446, 2450, 2466, 2468, 2469, 2475, 2476, 2483, 2484, 2485, 2486, 2487, 2490, 2496, 2501, 2502, 2504, 2505, 2507, 2509, 2510, 2514, 2515, 2521, 2522, 2535, 2536, 2537, 2538, 2539, 2540, 2543, 2544, 2545, 2546, 2552, 2558, 2563, 2564, 2566, 2567, 2569, 2577, 2578, 2582, 2583, 2589, 2590, 2603, 2604, 2605, 2606, 2607, 2608, 2611, 2612, 2613, 2614, 2620, 2626, 2631, 2632, 2634, 2635, 2637, 2645, 2646, 2650, 2651, 2657, 2658, 2665, 2666, 2667, 2668, 2669, 2672, 2678, 2683, 2684, 2686, 2687, 2689, 2691, 2692, 2696, 2697, 2703, 2704, 2715, 2716, 2717, 2718, 2719, 2721, 2722, 2729, 2735, 2740, 2741, 2743, 2744, 2746, 2752, 2753, 2757, 2758, 2764, 2765, 2782, 2783, 2784, 2787, 2790, 2791, 2792, 2798, 2801, 2805, 2821, 2822, 2823, 2824, 2829, 2830, 2844, 2845, 2846, 2847, 2850, 2853, 2854, 2855, 2861, 2862, 2863, 2864, 2866, 2872, 2880, 2893, 2894, 2895, 2896, 2901, 2902, 2908, 2909, 2910, 2911, 2912, 2913, 2914, 2915, 2916, 2917, 2918, 2919, 2922, 2929, 2933, 2935, 2936, 2939, 2940, 2941, 2942, 2945, 2946, 2954, 2957, 2958, 2962, 2968, 2971, 2972, 2975, 2976, 2979, 2980, 2983, 2984, 2991, 2997, 3002, 3005, 3012, 3013, 3018, 3021, 3028, 3038, 3045, 3053, 3054, 3064, 3065, 3066, 3073, 3086, 3091, 3092, 3095, 3096, 3097, 3106, 3115, 3136, 3139, 3141, 3142, 3147, 3149], "excluded_lines": []}}}, "app/api/note_creation_endpoints.py": {"executed_lines": [], "summary": {"covered_lines": 0, "num_statements": 74, "percent_covered": 0.0, "percent_covered_display": "0", "missing_lines": 74, "excluded_lines": 0}, "missing_lines": [6, 7, 9, 15, 16, 19, 22, 23, 26, 27, 39, 40, 41, 42, 43, 49, 50, 61, 62, 63, 64, 65, 71, 72, 83, 84, 85, 86, 87, 93, 94, 105, 106, 107, 108, 109, 115, 116, 130, 131, 134, 135, 136, 142, 143, 159, 161, 162, 163, 168, 169, 170, 171, 177, 178, 187, 188, 189, 190, 191, 197, 198, 207, 208, 209, 210, 211, 217, 218, 220, 222, 224, 241, 242], "excluded_lines": [], "functions": {"generate_notes_from_source": {"executed_lines": [], "summary": {"covered_lines": 0, "num_statements": 5, "percent_covered": 0.0, "percent_covered_display": "0", "missing_lines": 5, "excluded_lines": 0}, "missing_lines": [39, 40, 41, 42, 43], "excluded_lines": []}, "generate_notes_from_content": {"executed_lines": [], "summary": {"covered_lines": 0, "num_statements": 5, "percent_covered": 0.0, "percent_covered_display": "0", "missing_lines": 5, "excluded_lines": 0}, "missing_lines": [61, 62, 63, 64, 65], "excluded_lines": []}, "convert_input_to_blocks": {"executed_lines": [], "summary": {"covered_lines": 0, "num_statements": 5, "percent_covered": 0.0, "percent_covered_display": "0", "missing_lines": 5, "excluded_lines": 0}, "missing_lines": [83, 84, 85, 86, 87], "excluded_lines": []}, "edit_note_agentically": {"executed_lines": [], "summary": {"covered_lines": 0, "num_statements": 5, "percent_covered": 0.0, "percent_covered_display": "0", "missing_lines": 5, "excluded_lines": 0}, "missing_lines": [105, 106, 107, 108, 109], "excluded_lines": []}, "get_note_editing_suggestions": {"executed_lines": [], "summary": {"covered_lines": 0, "num_statements": 5, "percent_covered": 0.0, "percent_covered_display": "0", "missing_lines": 5, "excluded_lines": 0}, "missing_lines": [130, 131, 134, 135, 136], "excluded_lines": []}, "batch_process_notes": {"executed_lines": [], "summary": {"covered_lines": 0, "num_statements": 8, "percent_covered": 0.0, "percent_covered_display": "0", "missing_lines": 8, "excluded_lines": 0}, "missing_lines": [159, 161, 162, 163, 168, 169, 170, 171], "excluded_lines": []}, "get_workflow_status": {"executed_lines": [], "summary": {"covered_lines": 0, "num_statements": 5, "percent_covered": 0.0, "percent_covered_display": "0", "missing_lines": 5, "excluded_lines": 0}, "missing_lines": [187, 188, 189, 190, 191], "excluded_lines": []}, "get_service_info": {"executed_lines": [], "summary": {"covered_lines": 0, "num_statements": 5, "percent_covered": 0.0, "percent_covered_display": "0", "missing_lines": 5, "excluded_lines": 0}, "missing_lines": [207, 208, 209, 210, 211], "excluded_lines": []}, "health_check": {"executed_lines": [], "summary": {"covered_lines": 0, "num_statements": 5, "percent_covered": 0.0, "percent_covered_display": "0", "missing_lines": 5, "excluded_lines": 0}, "missing_lines": [220, 222, 224, 241, 242], "excluded_lines": []}, "": {"executed_lines": [], "summary": {"covered_lines": 0, "num_statements": 26, "percent_covered": 0.0, "percent_covered_display": "0", "missing_lines": 26, "excluded_lines": 0}, "missing_lines": [6, 7, 9, 15, 16, 19, 22, 23, 26, 27, 49, 50, 71, 72, 93, 94, 115, 116, 142, 143, 177, 178, 197, 198, 217, 218], "excluded_lines": []}}, "classes": {"": {"executed_lines": [], "summary": {"covered_lines": 0, "num_statements": 74, "percent_covered": 0.0, "percent_covered_display": "0", "missing_lines": 74, "excluded_lines": 0}, "missing_lines": [6, 7, 9, 15, 16, 19, 22, 23, 26, 27, 39, 40, 41, 42, 43, 49, 50, 61, 62, 63, 64, 65, 71, 72, 83, 84, 85, 86, 87, 93, 94, 105, 106, 107, 108, 109, 115, 116, 130, 131, 134, 135, 136, 142, 143, 159, 161, 162, 163, 168, 169, 170, 171, 177, 178, 187, 188, 189, 190, 191, 197, 198, 207, 208, 209, 210, 211, 217, 218, 220, 222, 224, 241, 242], "excluded_lines": []}}}, "app/api/premium/__init__.py": {"executed_lines": [], "summary": {"covered_lines": 0, "num_statements": 5, "percent_covered": 0.0, "percent_covered_display": "0", "missing_lines": 5, "excluded_lines": 0}, "missing_lines": [7, 8, 9, 10, 12], "excluded_lines": [], "functions": {"": {"executed_lines": [], "summary": {"covered_lines": 0, "num_statements": 5, "percent_covered": 0.0, "percent_covered_display": "0", "missing_lines": 5, "excluded_lines": 0}, "missing_lines": [7, 8, 9, 10, 12], "excluded_lines": []}}, "classes": {"": {"executed_lines": [], "summary": {"covered_lines": 0, "num_statements": 5, "percent_covered": 0.0, "percent_covered_display": "0", "missing_lines": 5, "excluded_lines": 0}, "missing_lines": [7, 8, 9, 10, 12], "excluded_lines": []}}}, "app/api/premium/endpoints.py": {"executed_lines": [], "summary": {"covered_lines": 0, "num_statements": 198, "percent_covered": 0.0, "percent_covered_display": "0", "missing_lines": 198, "excluded_lines": 0}, "missing_lines": [6, 7, 8, 9, 11, 22, 23, 24, 25, 26, 27, 28, 29, 30, 31, 32, 33, 34, 35, 36, 37, 40, 43, 44, 45, 46, 47, 48, 49, 50, 51, 52, 53, 54, 55, 56, 57, 58, 59, 62, 64, 65, 68, 69, 75, 82, 83, 86, 87, 90, 92, 103, 104, 107, 108, 114, 119, 125, 126, 128, 141, 142, 145, 146, 152, 158, 166, 167, 170, 171, 177, 183, 192, 193, 196, 197, 202, 204, 214, 216, 231, 232, 237, 238, 241, 243, 251, 252, 255, 256, 262, 268, 277, 278, 281, 282, 287, 289, 295, 301, 315, 316, 321, 322, 325, 326, 331, 333, 343, 346, 348, 390, 391, 396, 397, 400, 401, 406, 408, 414, 419, 428, 429, 435, 436, 438, 439, 440, 447, 448, 451, 452, 454, 456, 457, 459, 462, 463, 464, 466, 476, 477, 480, 481, 483, 484, 485, 490, 491, 494, 495, 497, 498, 499, 500, 501, 504, 505, 507, 508, 509, 510, 525, 526, 529, 530, 532, 533, 534, 539, 540, 543, 544, 547, 548, 553, 555, 565, 568, 571, 574, 578, 616, 617, 622, 623, 625, 670, 671, 672, 673, 676, 677, 679, 680, 685, 689, 690], "excluded_lines": [], "functions": {"premium_chat_endpoint": {"executed_lines": [], "summary": {"covered_lines": 0, "num_statements": 9, "percent_covered": 0.0, "percent_covered_display": "0", "missing_lines": 9, "excluded_lines": 0}, "missing_lines": [68, 69, 75, 82, 83, 86, 87, 90, 92], "excluded_lines": []}, "graph_search_endpoint": {"executed_lines": [], "summary": {"covered_lines": 0, "num_statements": 8, "percent_covered": 0.0, "percent_covered_display": "0", "missing_lines": 8, "excluded_lines": 0}, "missing_lines": [400, 401, 406, 408, 414, 419, 428, 429], "excluded_lines": []}, "premium_health_check": {"executed_lines": [], "summary": {"covered_lines": 0, "num_statements": 1, "percent_covered": 0.0, "percent_covered_display": "0", "missing_lines": 1, "excluded_lines": 0}, "missing_lines": [128], "excluded_lines": []}, "langgraph_chat_endpoint": {"executed_lines": [], "summary": {"covered_lines": 0, "num_statements": 4, "percent_covered": 0.0, "percent_covered_display": "0", "missing_lines": 4, "excluded_lines": 0}, "missing_lines": [145, 146, 152, 158], "excluded_lines": []}, "learning_workflow_endpoint": {"executed_lines": [], "summary": {"covered_lines": 0, "num_statements": 4, "percent_covered": 0.0, "percent_covered_display": "0", "missing_lines": 4, "excluded_lines": 0}, "missing_lines": [170, 171, 177, 183], "excluded_lines": []}, "context_assembly_endpoint": {"executed_lines": [], "summary": {"covered_lines": 0, "num_statements": 8, "percent_covered": 0.0, "percent_covered_display": "0", "missing_lines": 8, "excluded_lines": 0}, "missing_lines": [196, 197, 202, 204, 214, 216, 231, 232], "excluded_lines": []}, "workflow_status_endpoint": {"executed_lines": [], "summary": {"covered_lines": 0, "num_statements": 2, "percent_covered": 0.0, "percent_covered_display": "0", "missing_lines": 2, "excluded_lines": 0}, "missing_lines": [241, 243], "excluded_lines": []}, "adaptive_workflow_endpoint": {"executed_lines": [], "summary": {"covered_lines": 0, "num_statements": 4, "percent_covered": 0.0, "percent_covered_display": "0", "missing_lines": 4, "excluded_lines": 0}, "missing_lines": [255, 256, 262, 268], "excluded_lines": []}, "advanced_search_endpoint": {"executed_lines": [], "summary": {"covered_lines": 0, "num_statements": 8, "percent_covered": 0.0, "percent_covered_display": "0", "missing_lines": 8, "excluded_lines": 0}, "missing_lines": [281, 282, 287, 289, 295, 301, 315, 316], "excluded_lines": []}, "multimodal_search_endpoint": {"executed_lines": [], "summary": {"covered_lines": 0, "num_statements": 9, "percent_covered": 0.0, "percent_covered_display": "0", "missing_lines": 9, "excluded_lines": 0}, "missing_lines": [325, 326, 331, 333, 343, 346, 348, 390, 391], "excluded_lines": []}, "optimize_tokens_endpoint": {"executed_lines": [], "summary": {"covered_lines": 0, "num_statements": 5, "percent_covered": 0.0, "percent_covered_display": "0", "missing_lines": 5, "excluded_lines": 0}, "missing_lines": [438, 439, 440, 447, 448], "excluded_lines": []}, "chat_cascade_endpoint": {"executed_lines": [], "summary": {"covered_lines": 0, "num_statements": 10, "percent_covered": 0.0, "percent_covered_display": "0", "missing_lines": 10, "excluded_lines": 0}, "missing_lines": [454, 456, 457, 459, 462, 463, 464, 466, 476, 477], "excluded_lines": []}, "privacy_analyze_endpoint": {"executed_lines": [], "summary": {"covered_lines": 0, "num_statements": 5, "percent_covered": 0.0, "percent_covered_display": "0", "missing_lines": 5, "excluded_lines": 0}, "missing_lines": [483, 484, 485, 490, 491], "excluded_lines": []}, "load_distribute_endpoint": {"executed_lines": [], "summary": {"covered_lines": 0, "num_statements": 5, "percent_covered": 0.0, "percent_covered_display": "0", "missing_lines": 5, "excluded_lines": 0}, "missing_lines": [497, 498, 499, 500, 501], "excluded_lines": []}, "cost_analytics": {"executed_lines": [], "summary": {"covered_lines": 0, "num_statements": 6, "percent_covered": 0.0, "percent_covered_display": "0", "missing_lines": 6, "excluded_lines": 0}, "missing_lines": [507, 508, 509, 510, 525, 526], "excluded_lines": []}, "cost_optimization": {"executed_lines": [], "summary": {"covered_lines": 0, "num_statements": 5, "percent_covered": 0.0, "percent_covered_display": "0", "missing_lines": 5, "excluded_lines": 0}, "missing_lines": [532, 533, 534, 539, 540], "excluded_lines": []}, "cost_analysis_endpoint": {"executed_lines": [], "summary": {"covered_lines": 0, "num_statements": 11, "percent_covered": 0.0, "percent_covered_display": "0", "missing_lines": 11, "excluded_lines": 0}, "missing_lines": [547, 548, 553, 555, 565, 568, 571, 574, 578, 616, 617], "excluded_lines": []}, "get_optimization_tips": {"executed_lines": [], "summary": {"covered_lines": 0, "num_statements": 1, "percent_covered": 0.0, "percent_covered_display": "0", "missing_lines": 1, "excluded_lines": 0}, "missing_lines": [625], "excluded_lines": []}, "set_cost_budget": {"executed_lines": [], "summary": {"covered_lines": 0, "num_statements": 5, "percent_covered": 0.0, "percent_covered_display": "0", "missing_lines": 5, "excluded_lines": 0}, "missing_lines": [679, 680, 685, 689, 690], "excluded_lines": []}, "": {"executed_lines": [], "summary": {"covered_lines": 0, "num_statements": 84, "percent_covered": 0.0, "percent_covered_display": "0", "missing_lines": 84, "excluded_lines": 0}, "missing_lines": [6, 7, 8, 9, 11, 22, 23, 24, 25, 26, 27, 28, 29, 30, 31, 32, 33, 34, 35, 36, 37, 40, 43, 44, 45, 46, 47, 48, 49, 50, 51, 52, 53, 54, 55, 56, 57, 58, 59, 62, 64, 65, 103, 104, 125, 126, 141, 142, 166, 167, 192, 193, 237, 238, 251, 252, 277, 278, 321, 322, 396, 397, 435, 436, 451, 452, 480, 481, 494, 495, 504, 505, 529, 530, 543, 544, 622, 623, 670, 671, 672, 673, 676, 677], "excluded_lines": []}}, "classes": {"Budget": {"executed_lines": [], "summary": {"covered_lines": 0, "num_statements": 0, "percent_covered": 100.0, "percent_covered_display": "100", "missing_lines": 0, "excluded_lines": 0}, "missing_lines": [], "excluded_lines": []}, "": {"executed_lines": [], "summary": {"covered_lines": 0, "num_statements": 198, "percent_covered": 0.0, "percent_covered_display": "0", "missing_lines": 198, "excluded_lines": 0}, "missing_lines": [6, 7, 8, 9, 11, 22, 23, 24, 25, 26, 27, 28, 29, 30, 31, 32, 33, 34, 35, 36, 37, 40, 43, 44, 45, 46, 47, 48, 49, 50, 51, 52, 53, 54, 55, 56, 57, 58, 59, 62, 64, 65, 68, 69, 75, 82, 83, 86, 87, 90, 92, 103, 104, 107, 108, 114, 119, 125, 126, 128, 141, 142, 145, 146, 152, 158, 166, 167, 170, 171, 177, 183, 192, 193, 196, 197, 202, 204, 214, 216, 231, 232, 237, 238, 241, 243, 251, 252, 255, 256, 262, 268, 277, 278, 281, 282, 287, 289, 295, 301, 315, 316, 321, 322, 325, 326, 331, 333, 343, 346, 348, 390, 391, 396, 397, 400, 401, 406, 408, 414, 419, 428, 429, 435, 436, 438, 439, 440, 447, 448, 451, 452, 454, 456, 457, 459, 462, 463, 464, 466, 476, 477, 480, 481, 483, 484, 485, 490, 491, 494, 495, 497, 498, 499, 500, 501, 504, 505, 507, 508, 509, 510, 525, 526, 529, 530, 532, 533, 534, 539, 540, 543, 544, 547, 548, 553, 555, 565, 568, 571, 574, 578, 616, 617, 622, 623, 625, 670, 671, 672, 673, 676, 677, 679, 680, 685, 689, 690], "excluded_lines": []}}}, "app/api/premium/middleware.py": {"executed_lines": [], "summary": {"covered_lines": 0, "num_statements": 35, "percent_covered": 0.0, "percent_covered_display": "0", "missing_lines": 35, "excluded_lines": 0}, "missing_lines": [6, 7, 8, 9, 11, 14, 15, 16, 18, 20, 21, 22, 28, 29, 30, 34, 36, 38, 40, 42, 44, 45, 46, 51, 52, 55, 62, 63, 65, 72, 74, 75, 76, 85, 86], "excluded_lines": [], "functions": {"PremiumUserMiddleware.__init__": {"executed_lines": [], "summary": {"covered_lines": 0, "num_statements": 2, "percent_covered": 0.0, "percent_covered_display": "0", "missing_lines": 2, "excluded_lines": 0}, "missing_lines": [15, 16], "excluded_lines": []}, "PremiumUserMiddleware.validate_premium_access": {"executed_lines": [], "summary": {"covered_lines": 0, "num_statements": 10, "percent_covered": 0.0, "percent_covered_display": "0", "missing_lines": 10, "excluded_lines": 0}, "missing_lines": [20, 21, 22, 28, 29, 30, 34, 36, 38, 40], "excluded_lines": []}, "PremiumUserMiddleware.get_user_premium_features": {"executed_lines": [], "summary": {"covered_lines": 0, "num_statements": 9, "percent_covered": 0.0, "percent_covered_display": "0", "missing_lines": 9, "excluded_lines": 0}, "missing_lines": [44, 45, 46, 51, 52, 55, 62, 63, 65], "excluded_lines": []}, "PremiumUserMiddleware.log_premium_usage": {"executed_lines": [], "summary": {"covered_lines": 0, "num_statements": 5, "percent_covered": 0.0, "percent_covered_display": "0", "missing_lines": 5, "excluded_lines": 0}, "missing_lines": [74, 75, 76, 85, 86], "excluded_lines": []}, "": {"executed_lines": [], "summary": {"covered_lines": 0, "num_statements": 9, "percent_covered": 0.0, "percent_covered_display": "0", "missing_lines": 9, "excluded_lines": 0}, "missing_lines": [6, 7, 8, 9, 11, 14, 18, 42, 72], "excluded_lines": []}}, "classes": {"PremiumUserMiddleware": {"executed_lines": [], "summary": {"covered_lines": 0, "num_statements": 26, "percent_covered": 0.0, "percent_covered_display": "0", "missing_lines": 26, "excluded_lines": 0}, "missing_lines": [15, 16, 20, 21, 22, 28, 29, 30, 34, 36, 38, 40, 44, 45, 46, 51, 52, 55, 62, 63, 65, 74, 75, 76, 85, 86], "excluded_lines": []}, "": {"executed_lines": [], "summary": {"covered_lines": 0, "num_statements": 9, "percent_covered": 0.0, "percent_covered_display": "0", "missing_lines": 9, "excluded_lines": 0}, "missing_lines": [6, 7, 8, 9, 11, 14, 18, 42, 72], "excluded_lines": []}}}, "app/api/premium/schemas.py": {"executed_lines": [], "summary": {"covered_lines": 0, "num_statements": 143, "percent_covered": 0.0, "percent_covered_display": "0", "missing_lines": 143, "excluded_lines": 0}, "missing_lines": [6, 7, 8, 9, 11, 13, 14, 15, 16, 17, 19, 21, 22, 23, 24, 25, 26, 27, 28, 29, 31, 33, 34, 35, 36, 37, 38, 39, 40, 41, 43, 45, 46, 47, 48, 50, 52, 53, 54, 55, 57, 59, 60, 61, 63, 65, 66, 67, 69, 71, 72, 73, 74, 76, 78, 79, 80, 81, 83, 85, 86, 87, 88, 89, 91, 93, 94, 95, 96, 98, 100, 101, 102, 103, 104, 105, 107, 109, 110, 111, 112, 113, 115, 117, 118, 119, 120, 121, 122, 123, 125, 127, 128, 129, 130, 131, 132, 133, 134, 135, 136, 137, 138, 140, 142, 143, 144, 145, 147, 149, 150, 151, 152, 153, 155, 157, 158, 159, 160, 161, 163, 165, 166, 167, 168, 169, 170, 171, 173, 175, 176, 177, 178, 179, 180, 181, 182, 183, 184, 185, 186, 187, 188], "excluded_lines": [], "functions": {"": {"executed_lines": [], "summary": {"covered_lines": 0, "num_statements": 143, "percent_covered": 0.0, "percent_covered_display": "0", "missing_lines": 143, "excluded_lines": 0}, "missing_lines": [6, 7, 8, 9, 11, 13, 14, 15, 16, 17, 19, 21, 22, 23, 24, 25, 26, 27, 28, 29, 31, 33, 34, 35, 36, 37, 38, 39, 40, 41, 43, 45, 46, 47, 48, 50, 52, 53, 54, 55, 57, 59, 60, 61, 63, 65, 66, 67, 69, 71, 72, 73, 74, 76, 78, 79, 80, 81, 83, 85, 86, 87, 88, 89, 91, 93, 94, 95, 96, 98, 100, 101, 102, 103, 104, 105, 107, 109, 110, 111, 112, 113, 115, 117, 118, 119, 120, 121, 122, 123, 125, 127, 128, 129, 130, 131, 132, 133, 134, 135, 136, 137, 138, 140, 142, 143, 144, 145, 147, 149, 150, 151, 152, 153, 155, 157, 158, 159, 160, 161, 163, 165, 166, 167, 168, 169, 170, 171, 173, 175, 176, 177, 178, 179, 180, 181, 182, 183, 184, 185, 186, 187, 188], "excluded_lines": []}}, "classes": {"ExpertType": {"executed_lines": [], "summary": {"covered_lines": 0, "num_statements": 0, "percent_covered": 100.0, "percent_covered_display": "100", "missing_lines": 0, "excluded_lines": 0}, "missing_lines": [], "excluded_lines": []}, "PremiumChatRequest": {"executed_lines": [], "summary": {"covered_lines": 0, "num_statements": 0, "percent_covered": 100.0, "percent_covered_display": "100", "missing_lines": 0, "excluded_lines": 0}, "missing_lines": [], "excluded_lines": []}, "PremiumChatResponse": {"executed_lines": [], "summary": {"covered_lines": 0, "num_statements": 0, "percent_covered": 100.0, "percent_covered_display": "100", "missing_lines": 0, "excluded_lines": 0}, "missing_lines": [], "excluded_lines": []}, "GraphSearchRequest": {"executed_lines": [], "summary": {"covered_lines": 0, "num_statements": 0, "percent_covered": 100.0, "percent_covered_display": "100", "missing_lines": 0, "excluded_lines": 0}, "missing_lines": [], "excluded_lines": []}, "GraphSearchResponse": {"executed_lines": [], "summary": {"covered_lines": 0, "num_statements": 0, "percent_covered": 100.0, "percent_covered_display": "100", "missing_lines": 0, "excluded_lines": 0}, "missing_lines": [], "excluded_lines": []}, "ExpertSelection": {"executed_lines": [], "summary": {"covered_lines": 0, "num_statements": 0, "percent_covered": 100.0, "percent_covered_display": "100", "missing_lines": 0, "excluded_lines": 0}, "missing_lines": [], "excluded_lines": []}, "Response": {"executed_lines": [], "summary": {"covered_lines": 0, "num_statements": 0, "percent_covered": 100.0, "percent_covered_display": "100", "missing_lines": 0, "excluded_lines": 0}, "missing_lines": [], "excluded_lines": []}, "UserContext": {"executed_lines": [], "summary": {"covered_lines": 0, "num_statements": 0, "percent_covered": 100.0, "percent_covered_display": "100", "missing_lines": 0, "excluded_lines": 0}, "missing_lines": [], "excluded_lines": []}, "LangGraphChatRequest": {"executed_lines": [], "summary": {"covered_lines": 0, "num_statements": 0, "percent_covered": 100.0, "percent_covered_display": "100", "missing_lines": 0, "excluded_lines": 0}, "missing_lines": [], "excluded_lines": []}, "LangGraphChatResponse": {"executed_lines": [], "summary": {"covered_lines": 0, "num_statements": 0, "percent_covered": 100.0, "percent_covered_display": "100", "missing_lines": 0, "excluded_lines": 0}, "missing_lines": [], "excluded_lines": []}, "LearningWorkflowRequest": {"executed_lines": [], "summary": {"covered_lines": 0, "num_statements": 0, "percent_covered": 100.0, "percent_covered_display": "100", "missing_lines": 0, "excluded_lines": 0}, "missing_lines": [], "excluded_lines": []}, "LearningWorkflowResponse": {"executed_lines": [], "summary": {"covered_lines": 0, "num_statements": 0, "percent_covered": 100.0, "percent_covered_display": "100", "missing_lines": 0, "excluded_lines": 0}, "missing_lines": [], "excluded_lines": []}, "WorkflowStatusResponse": {"executed_lines": [], "summary": {"covered_lines": 0, "num_statements": 0, "percent_covered": 100.0, "percent_covered_display": "100", "missing_lines": 0, "excluded_lines": 0}, "missing_lines": [], "excluded_lines": []}, "CAARequest": {"executed_lines": [], "summary": {"covered_lines": 0, "num_statements": 0, "percent_covered": 100.0, "percent_covered_display": "100", "missing_lines": 0, "excluded_lines": 0}, "missing_lines": [], "excluded_lines": []}, "CAAResponse": {"executed_lines": [], "summary": {"covered_lines": 0, "num_statements": 0, "percent_covered": 100.0, "percent_covered_display": "100", "missing_lines": 0, "excluded_lines": 0}, "missing_lines": [], "excluded_
[...]
KnowledgeGraphTraversal.find_prerequisite_chain": {"executed_lines": [], "summary": {"covered_lines": 0, "num_statements": 16, "percent_covered": 0.0, "percent_covered_display": "0", "missing_lines": 16, "excluded_lines": 0}, "missing_lines": [137, 138, 144, 156, 157, 159, 160, 168, 169, 170, 173, 179, 180, 182, 183, 184], "excluded_lines": []}, "KnowledgeGraphTraversal.find_learning_path": {"executed_lines": [], "summary": {"covered_lines": 0, "num_statements": 17, "percent_covered": 0.0, "percent_covered_display": "0", "missing_lines": 17, "excluded_lines": 0}, "missing_lines": [197, 198, 204, 218, 219, 221, 222, 231, 232, 233, 236, 246, 252, 253, 255, 256, 257], "excluded_lines": []}, "KnowledgeGraphTraversal.find_related_concepts": {"executed_lines": [], "summary": {"covered_lines": 0, "num_statements": 16, "percent_covered": 0.0, "percent_covered_display": "0", "missing_lines": 16, "excluded_lines": 0}, "missing_lines": [271, 272, 278, 292, 293, 295, 304, 307, 308, 309, 312, 317, 318, 320, 321, 322], "excluded_lines": []}, "KnowledgeGraphTraversal.analyze_graph_connectivity": {"executed_lines": [], "summary": {"covered_lines": 0, "num_statements": 19, "percent_covered": 0.0, "percent_covered_display": "0", "missing_lines": 19, "excluded_lines": 0}, "missing_lines": [334, 335, 341, 362, 363, 365, 373, 374, 381, 382, 383, 384, 385, 392, 394, 395, 397, 398, 399], "excluded_lines": []}, "": {"executed_lines": [], "summary": {"covered_lines": 0, "num_statements": 14, "percent_covered": 0.0, "percent_covered_display": "0", "missing_lines": 14, "excluded_lines": 0}, "missing_lines": [8, 9, 10, 11, 13, 17, 23, 26, 35, 40, 127, 186, 259, 324], "excluded_lines": []}}, "classes": {"KnowledgeGraphTraversal": {"executed_lines": [], "summary": {"covered_lines": 0, "num_statements": 97, "percent_covered": 0.0, "percent_covered_display": "0", "missing_lines": 97, "excluded_lines": 0}, "missing_lines": [37, 38, 51, 52, 58, 73, 76, 77, 79, 80, 82, 83, 85, 86, 93, 94, 95, 96, 98, 106, 107, 110, 111, 113, 120, 121, 123, 124, 125, 137, 138, 144, 156, 157, 159, 160, 168, 169, 170, 173, 179, 180, 182, 183, 184, 197, 198, 204, 218, 219, 221, 222, 231, 232, 233, 236, 246, 252, 253, 255, 256, 257, 271, 272, 278, 292, 293, 295, 304, 307, 308, 309, 312, 317, 318, 320, 321, 322, 334, 335, 341, 362, 363, 365, 373, 374, 381, 382, 383, 384, 385, 392, 394, 395, 397, 398, 399], "excluded_lines": []}, "": {"executed_lines": [], "summary": {"covered_lines": 0, "num_statements": 14, "percent_covered": 0.0, "percent_covered_display": "0", "missing_lines": 14, "excluded_lines": 0}, "missing_lines": [8, 9, 10, 11, 13, 17, 23, 26, 35, 40, 127, 186, 259, 324], "excluded_lines": []}}}, "app/services/knowledge_graph_update_service.py": {"executed_lines": [], "summary": {"covered_lines": 0, "num_statements": 209, "percent_covered": 0.0, "percent_covered_display": "0", "missing_lines": 209, "excluded_lines": 0}, "missing_lines": [9, 10, 11, 12, 13, 14, 15, 16, 17, 19, 22, 24, 25, 26, 27, 28, 29, 30, 31, 32, 33, 34, 35, 36, 39, 41, 42, 43, 44, 45, 48, 49, 51, 52, 53, 54, 55, 56, 57, 58, 59, 60, 61, 62, 63, 64, 65, 67, 68, 69, 72, 73, 75, 76, 77, 78, 79, 80, 81, 82, 84, 85, 86, 87, 88, 91, 94, 95, 96, 97, 98, 99, 100, 101, 107, 108, 109, 110, 112, 133, 135, 136, 137, 138, 140, 142, 152, 153, 159, 165, 166, 168, 170, 172, 173, 174, 176, 186, 188, 189, 191, 192, 195, 196, 197, 200, 201, 202, 205, 206, 207, 210, 211, 212, 214, 215, 217, 229, 230, 232, 233, 234, 236, 238, 259, 262, 264, 267, 269, 272, 274, 277, 279, 281, 282, 284, 285, 286, 287, 290, 292, 293, 295, 297, 298, 300, 301, 303, 304, 305, 306, 308, 309, 310, 311, 313, 315, 317, 318, 321, 322, 323, 325, 326, 329, 330, 331, 335, 337, 338, 339, 340, 343, 345, 347, 348, 349, 350, 351, 352, 353, 354, 355, 356, 357, 358, 359, 360, 361, 363, 364, 366, 368, 369, 370, 372, 374, 377, 379, 382, 384, 387, 389, 392, 394, 397, 399, 402, 404], "excluded_lines": [], "functions": {"GraphUpdateOperation.__post_init__": {"executed_lines": [], "summary": {"covered_lines": 0, "num_statements": 2, "percent_covered": 0.0, "percent_covered_display": "0", "missing_lines": 2, "excluded_lines": 0}, "missing_lines": [68, 69], "excluded_lines": []}, "UpdateBatch.__post_init__": {"executed_lines": [], "summary": {"covered_lines": 0, "num_statements": 4, "percent_covered": 0.0, "percent_covered_display": "0", "missing_lines": 4, "excluded_lines": 0}, "missing_lines": [85, 86, 87, 88], "excluded_lines": []}, "KnowledgeGraphUpdateService.__init__": {"executed_lines": [], "summary": {"covered_lines": 0, "num_statements": 11, "percent_covered": 0.0, "percent_covered_display": "0", "missing_lines": 11, "excluded_lines": 0}, "missing_lines": [95, 96, 97, 98, 99, 100, 101, 107, 108, 109, 110], "excluded_lines": []}, "KnowledgeGraphUpdateService.schedule_section_update": {"executed_lines": [], "summary": {"covered_lines": 0, "num_statements": 17, "percent_covered": 0.0, "percent_covered_display": "0", "missing_lines": 17, "excluded_lines": 0}, "missing_lines": [133, 135, 136, 137, 138, 140, 142, 152, 153, 159, 165, 166, 168, 170, 172, 173, 174], "excluded_lines": []}, "KnowledgeGraphUpdateService.check_graph_consistency": {"executed_lines": [], "summary": {"covered_lines": 0, "num_statements": 25, "percent_covered": 0.0, "percent_covered_display": "0", "missing_lines": 25, "excluded_lines": 0}, "missing_lines": [186, 188, 189, 191, 192, 195, 196, 197, 200, 201, 202, 205, 206, 207, 210, 211, 212, 214, 215, 217, 229, 230, 232, 233, 234], "excluded_lines": []}, "KnowledgeGraphUpdateService.get_performance_metrics": {"executed_lines": [], "summary": {"covered_lines": 0, "num_statements": 1, "percent_covered": 0.0, "percent_covered_display": "0", "missing_lines": 1, "excluded_lines": 0}, "missing_lines": [238], "excluded_lines": []}, "KnowledgeGraphUpdateService._find_orphaned_nodes": {"executed_lines": [], "summary": {"covered_lines": 0, "num_statements": 1, "percent_covered": 0.0, "percent_covered_display": "0", "missing_lines": 1, "excluded_lines": 0}, "missing_lines": [262], "excluded_lines": []}, "KnowledgeGraphUpdateService._find_broken_relationships": {"executed_lines": [], "summary": {"covered_lines": 0, "num_statements": 1, "percent_covered": 0.0, "percent_covered_display": "0", "missing_lines": 1, "excluded_lines": 0}, "missing_lines": [267], "excluded_lines": []}, "KnowledgeGraphUpdateService._find_circular_dependencies": {"executed_lines": [], "summary": {"covered_lines": 0, "num_statements": 1, "percent_covered": 0.0, "percent_covered_display": "0", "missing_lines": 1, "excluded_lines": 0}, "missing_lines": [272], "excluded_lines": []}, "KnowledgeGraphUpdateService._find_missing_metadata": {"executed_lines": [], "summary": {"covered_lines": 0, "num_statements": 1, "percent_covered": 0.0, "percent_covered_display": "0", "missing_lines": 1, "excluded_lines": 0}, "missing_lines": [277], "excluded_lines": []}, "KnowledgeGraphUpdateService._process_update_queue": {"executed_lines": [], "summary": {"covered_lines": 0, "num_statements": 9, "percent_covered": 0.0, "percent_covered_display": "0", "missing_lines": 9, "excluded_lines": 0}, "missing_lines": [281, 282, 284, 285, 286, 287, 290, 292, 293], "excluded_lines": []}, "KnowledgeGraphUpdateService._process_update_batch": {"executed_lines": [], "summary": {"covered_lines": 0, "num_statements": 30, "percent_covered": 0.0, "percent_covered_display": "0", "missing_lines": 30, "excluded_lines": 0}, "missing_lines": [297, 298, 300, 301, 303, 304, 305, 306, 308, 309, 310, 311, 313, 315, 317, 318, 321, 322, 323, 325, 326, 329, 330, 331, 335, 337, 338, 339, 340, 343], "excluded_lines": []}, "KnowledgeGraphUpdateService._execute_update_operation": {"executed_lines": [], "summary": {"covered_lines": 0, "num_statements": 21, "percent_covered": 0.0, "percent_covered_display": "0", "missing_lines": 21, "excluded_lines": 0}, "missing_lines": [347, 348, 349, 350, 351, 352, 353, 354, 355, 356, 357, 358, 359, 360, 361, 363, 364, 366, 368, 369, 370], "excluded_lines": []}, "KnowledgeGraphUpdateService._add_section_to_graph": {"executed_lines": [], "summary": {"covered_lines": 0, "num_statements": 1, "percent_covered": 0.0, "percent_covered_display": "0", "missing_lines": 1, "excluded_lines": 0}, "missing_lines": [374], "excluded_lines": []}, "KnowledgeGraphUpdateService._update_section_in_graph": {"executed_lines": [], "summary": {"covered_lines": 0, "num_statements": 1, "percent_covered": 0.0, "percent_covered_display": "0", "missing_lines": 1, "excluded_lines": 0}, "missing_lines": [379], "excluded_lines": []}, "KnowledgeGraphUpdateService._remove_section_from_graph": {"executed_lines": [], "summary": {"covered_lines": 0, "num_statements": 1, "percent_covered": 0.0, "percent_covered_display": "0", "missing_lines": 1, "excluded_lines": 0}, "missing_lines": [384], "excluded_lines": []}, "KnowledgeGraphUpdateService._add_primitive_to_graph": {"executed_lines": [], "summary": {"covered_lines": 0, "num_statements": 1, "percent_covered": 0.0, "percent_covered_display": "0", "missing_lines": 1, "excluded_lines": 0}, "missing_lines": [389], "excluded_lines": []}, "KnowledgeGraphUpdateService._update_primitive_in_graph": {"executed_lines": [], "summary": {"covered_lines": 0, "num_statements": 1, "percent_covered": 0.0, "percent_covered_display": "0", "missing_lines": 1, "excluded_lines": 0}, "missing_lines": [394], "excluded_lines": []}, "KnowledgeGraphUpdateService._remove_primitive_from_graph": {"executed_lines": [], "summary": {"covered_lines": 0, "num_statements": 1, "percent_covered": 0.0, "percent_covered_display": "0", "missing_lines": 1, "excluded_lines": 0}, "missing_lines": [399], "excluded_lines": []}, "KnowledgeGraphUpdateService._remove_blueprint_from_graph": {"executed_lines": [], "summary": {"covered_lines": 0, "num_statements": 1, "percent_covered": 0.0, "percent_covered_display": "0", "missing_lines": 1, "excluded_lines": 0}, "missing_lines": [404], "excluded_lines": []}, "": {"executed_lines": [], "summary": {"covered_lines": 0, "num_statements": 78, "percent_covered": 0.0, "percent_covered_display": "0", "missing_lines": 78, "excluded_lines": 0}, "missing_lines": [9, 10, 11, 12, 13, 14, 15, 16, 17, 19, 22, 24, 25, 26, 27, 28, 29, 30, 31, 32, 33, 34, 35, 36, 39, 41, 42, 43, 44, 45, 48, 49, 51, 52, 53, 54, 55, 56, 57, 58, 59, 60, 61, 62, 63, 64, 65, 67, 72, 73, 75, 76, 77, 78, 79, 80, 81, 82, 84, 91, 94, 112, 176, 236, 259, 264, 269, 274, 279, 295, 345, 372, 377, 382, 387, 392, 397, 402], "excluded_lines": []}}, "classes": {"UpdateType": {"executed_lines": [], "summary": {"covered_lines": 0, "num_statements": 0, "percent_covered": 100.0, "percent_covered_display": "100", "missing_lines": 0, "excluded_lines": 0}, "missing_lines": [], "excluded_lines": []}, "UpdateStatus": {"executed_lines": [], "summary": {"covered_lines": 0, "num_statements": 0, "percent_covered": 100.0, "percent_covered_display": "100", "missing_lines": 0, "excluded_lines": 0}, "missing_lines": [], "excluded_lines": []}, "GraphUpdateOperation": {"executed_lines": [], "summary": {"covered_lines": 0, "num_statements": 2, "percent_covered": 0.0, "percent_covered_display": "0", "missing_lines": 2, "excluded_lines": 0}, "missing_lines": [68, 69], "excluded_lines": []}, "UpdateBatch": {"executed_lines": [], "summary": {"covered_lines": 0, "num_statements": 4, "percent_covered": 0.0, "percent_covered_display": "0", "missing_lines": 4, "excluded_lines": 0}, "missing_lines": [85, 86, 87, 88], "excluded_lines": []}, "KnowledgeGraphUpdateService": {"executed_lines": [], "summary": {"covered_lines": 0, "num_statements": 125, "percent_covered": 0.0, "percent_covered_display": "0", "missing_lines": 125, "excluded_lines": 0}, "missing_lines": [95, 96, 97, 98, 99, 100, 101, 107, 108, 109, 110, 133, 135, 136, 137, 138, 140, 142, 152, 153, 159, 165, 166, 168, 170, 172, 173, 174, 186, 188, 189, 191, 192, 195, 196, 197, 200, 201, 202, 205, 206, 207, 210, 211, 212, 214, 215, 217, 229, 230, 232, 233, 234, 238, 262, 267, 272, 277, 281, 282, 284, 285, 286, 287, 290, 292, 293, 297, 298, 300, 301, 303, 304, 305, 306, 308, 309, 310, 311, 313, 315, 317, 318, 321, 322, 323, 325, 326, 329, 330, 331, 335, 337, 338, 339, 340, 343, 347, 348, 349, 350, 351, 352, 353, 354, 355, 356, 357, 358, 359, 360, 361, 363, 364, 366, 368, 369, 370, 374, 379, 384, 389, 394, 399, 404], "excluded_lines": []}, "": {"executed_lines": [], "summary": {"covered_lines": 0, "num_statements": 78, "percent_covered": 0.0, "percent_covered_display": "0", "missing_lines": 78, "excluded_lines": 0}, "missing_lines": [9, 10, 11, 12, 13, 14, 15, 16, 17, 19, 22, 24, 25, 26, 27, 28, 29, 30, 31, 32, 33, 34, 35, 36, 39, 41, 42, 43, 44, 45, 48, 49, 51, 52, 53, 54, 55, 56, 57, 58, 59, 60, 61, 62, 63, 64, 65, 67, 72, 73, 75, 76, 77, 78, 79, 80, 81, 82, 84, 91, 94, 112, 176, 236, 259, 264, 269, 274, 279, 295, 345, 372, 377, 382, 387, 392, 397, 402], "excluded_lines": []}}}, "app/services/llm_service.py": {"executed_lines": [], "summary": {"covered_lines": 0, "num_statements": 56, "percent_covered": 0.0, "percent_covered_display": "0", "missing_lines": 56, "excluded_lines": 0}, "missing_lines": [6, 7, 8, 11, 14, 15, 36, 39, 42, 43, 45, 46, 48, 55, 57, 66, 68, 69, 70, 73, 74, 75, 78, 79, 81, 88, 90, 91, 93, 96, 99, 110, 112, 127, 129, 139, 141, 157, 159, 166, 168, 170, 172, 183, 185, 196, 198, 209, 211, 219, 222, 233, 234, 235, 236, 238], "excluded_lines": [], "functions": {"LLMService.call_llm": {"executed_lines": [], "summary": {"covered_lines": 0, "num_statements": 1, "percent_covered": 0.0, "percent_covered_display": "0", "missing_lines": 1, "excluded_lines": 0}, "missing_lines": [36], "excluded_lines": []}, "GeminiLLMService.__init__": {"executed_lines": [], "summary": {"covered_lines": 0, "num_statements": 5, "percent_covered": 0.0, "percent_covered_display": "0", "missing_lines": 5, "excluded_lines": 0}, "missing_lines": [43, 45, 46, 48, 55], "excluded_lines": []}, "GeminiLLMService.call_llm": {"executed_lines": [], "summary": {"covered_lines": 0, "num_statements": 14, "percent_covered": 0.0, "percent_covered_display": "0", "missing_lines": 14, "excluded_lines": 0}, "missing_lines": [66, 68, 69, 70, 73, 74, 75, 78, 79, 81, 88, 90, 91, 93], "excluded_lines": []}, "MockLLMService.call_llm": {"executed_lines": [], "summary": {"covered_lines": 0, "num_statements": 19, "percent_covered": 0.0, "percent_covered_display": "0", "missing_lines": 19, "excluded_lines": 0}, "missing_lines": [110, 112, 127, 129, 139, 141, 157, 159, 166, 168, 170, 172, 183, 185, 196, 198, 209, 211, 219], "excluded_lines": []}, "create_llm_service": {"executed_lines": [], "summary": {"covered_lines": 0, "num_statements": 5, "percent_covered": 0.0, "percent_covered_display": "0", "missing_lines": 5, "excluded_lines": 0}, "missing_lines": [233, 234, 235, 236, 238], "excluded_lines": []}, "": {"executed_lines": [], "summary": {"covered_lines": 0, "num_statements": 12, "percent_covered": 0.0, "percent_covered_display": "0", "missing_lines": 12, "excluded_lines": 0}, "missing_lines": [6, 7, 8, 11, 14, 15, 39, 42, 57, 96, 99, 222], "excluded_lines": []}}, "classes": {"LLMService": {"executed_lines": [], "summary": {"covered_lines": 0, "num_statements": 1, "percent_covered": 0.0, "percent_covered_display": "0", "missing_lines": 1, "excluded_lines": 0}, "missing_lines": [36], "excluded_lines": []}, "GeminiLLMService": {"executed_lines": [], "summary": {"covered_lines": 0, "num_statements": 19, "percent_covered": 0.0, "percent_covered_display": "0", "missing_lines": 19, "excluded_lines": 0}, "missing_lines": [43, 45, 46, 48, 55, 66, 68, 69, 70, 73, 74, 75, 78, 79, 81, 88, 90, 91, 93], "excluded_lines": []}, "MockLLMService": {"executed_lines": [], "summary": {"covered_lines": 0, "num_statements": 19, "percent_covered": 0.0, "percent_covered_display": "0", "missing_lines": 19, "excluded_lines": 0}, "missing_lines": [110, 112, 127, 129, 139, 141, 157, 159, 166, 168, 170, 172, 183, 185, 196, 198, 209, 211, 219], "excluded_lines": []}, "": {"executed_lines": [], "summary": {"covered_lines": 0, "num_statements": 17, "percent_covered": 0.0, "percent_covered_display": "0", "missing_lines": 17, "excluded_lines": 0}, "missing_lines": [6, 7, 8, 11, 14, 15, 39, 42, 57, 96, 99, 222, 233, 234, 235, 236, 238], "excluded_lines": []}}}, "app/services/tavily_search_service.py": {"executed_lines": [], "summary": {"covered_lines": 0, "num_statements": 56, "percent_covered": 0.0, "percent_covered_display": "0", "missing_lines": 56, "excluded_lines": 0}, "missing_lines": [8, 9, 10, 11, 14, 17, 20, 21, 24, 29, 30, 32, 52, 53, 55, 56, 58, 60, 62, 65, 67, 69, 71, 72, 73, 74, 75, 84, 91, 93, 102, 111, 112, 118, 119, 120, 121, 123, 125, 126, 128, 129, 130, 131, 132, 134, 151, 153, 154, 155, 162, 164, 166, 167, 169, 171], "excluded_lines": [], "functions": {"TavilySearchService.__init__": {"executed_lines": [], "summary": {"covered_lines": 0, "num_statements": 5, "percent_covered": 0.0, "percent_covered_display": "0", "missing_lines": 5, "excluded_lines": 0}, "missing_lines": [20, 21, 24, 29, 30], "excluded_lines": []}, "TavilySearchService.search": {"executed_lines": [], "summary": {"covered_lines": 0, "num_statements": 31, "percent_covered": 0.0, "percent_covered_display": "0", "missing_lines": 31, "excluded_lines": 0}, "missing_lines": [52, 53, 55, 56, 58, 60, 62, 65, 67, 69, 71, 72, 73, 74, 75, 84, 91, 93, 102, 111, 112, 118, 119, 123, 125, 126, 128, 129, 130, 131, 132], "excluded_lines": []}, "TavilySearchService.search.SearchResponse.__init__": {"executed_lines": [], "summary": {"covered_lines": 0, "num_statements": 2, "percent_covered": 0.0, "percent_covered_display": "0", "missing_lines": 2, "excluded_lines": 0}, "missing_lines": [120, 121], "excluded_lines": []}, "TavilySearchService.search_with_metadata": {"executed_lines": [], "summary": {"covered_lines": 0, "num_statements": 5, "percent_covered": 0.0, "percent_covered_display": "0", "missing_lines": 5, "excluded_lines": 0}, "missing_lines": [151, 153, 154, 155, 162], "excluded_lines": []}, "TavilySearchService._get_timestamp": {"executed_lines": [], "summary": {"covered_lines": 0, "num_statements": 2, "percent_covered": 0.0, "percent_covered_display": "0", "missing_lines": 2, "excluded_lines": 0}, "missing_lines": [166, 167], "excluded_lines": []}, "TavilySearchService.is_available": {"executed_lines": [], "summary": {"covered_lines": 0, "num_statements": 1, "percent_covered": 0.0, "percent_covered_display": "0", "missing_lines": 1, "excluded_lines": 0}, "missing_lines": [171], "excluded_lines": []}, "": {"executed_lines": [], "summary": {"covered_lines": 0, "num_statements": 10, "percent_covered": 0.0, "percent_covered_display": "0", "missing_lines": 10, "excluded_lines": 0}, "missing_lines": [8, 9, 10, 11, 14, 17, 32, 134, 164, 169], "excluded_lines": []}}, "classes": {"TavilySearchService": {"executed_lines": [], "summary": {"covered_lines": 0, "num_statements": 44, "percent_covered": 0.0, "percent_covered_display": "0", "missing_lines": 44, "excluded_lines": 0}, "missing_lines": [20, 21, 24, 29, 30, 52, 53, 55, 56, 58, 60, 62, 65, 67, 69, 71, 72, 73, 74, 75, 84, 91, 93, 102, 111, 112, 118, 119, 123, 125, 126, 128, 129, 130, 131, 132, 151, 153, 154, 155, 162, 166, 167, 171], "excluded_lines": []}, "TavilySearchService.search.SearchResponse": {"executed_lines": [], "summary": {"covered_lines": 0, "num_statements": 2, "percent_covered": 0.0, "percent_covered_display": "0", "missing_lines": 2, "excluded_lines": 0}, "missing_lines": [120, 121], "excluded_lines": []}, "": {"executed_lines": [], "summary": {"covered_lines": 0, "num_statements": 10, "percent_covered": 0.0, "percent_covered_display": "0", "missing_lines": 10, "excluded_lines": 0}, "missing_lines": [8, 9, 10, 11, 14, 17, 32, 134, 164, 169], "excluded_lines": []}}}}, "totals": {"covered_lines": 1579, "num_statements": 16930, "percent_covered": 9.326639102185469, "percent_covered_display": "9", "missing_lines": 15351, "excluded_lines": 0}}