ELEVATE AI API - PRODUCTION READINESS TEST REPORT
============================================================

Test Date: 2025-08-15 09:11:19
Duration: 15.54 seconds

Module: Blueprint Services
Status: FAILED
Return Code: 1
Errors:
Traceback (most recent call last):
  File "/home/antonio/programming/elevate/core_and_ai/elevate-ai-api/test_blueprint_services.py", line 21, in <module>
    from app.core.blueprint_lifecycle import BlueprintLifecycleManager
ImportError: cannot import name 'BlueprintLifecycleManager' from 'app.core.blueprint_lifecycle' (/home/antonio/programming/elevate/core_and_ai/elevate-ai-api/app/core/blueprint_lifecycle.py). Did you mean: 'BlueprintLifecycleService'?

----------------------------------------

Module: Mastery & Learning Services
Status: FAILED
Return Code: 1
Errors:
/home/antonio/anaconda3/lib/python3.12/site-packages/pydantic/_internal/_config.py:373: UserWarning: Valid config keys have changed in V2:
* 'schema_extra' has been renamed to 'json_schema_extra'
  warnings.warn(message, UserWarning)
Traceback (most recent call last):
  File "/home/antonio/programming/elevate/core_and_ai/elevate-ai-api/test_mastery_services.py", line 22, in <module>
    from app.core.criterion_question_generation import CriterionQuestionGenerationService
ImportError: cannot import name 'CriterionQuestionGenerationService' from 'app.core.criterion_question_generation' (/home/antonio/programming/elevate/core_and_ai/elevate-ai-api/app/core/criterion_question_generation.py). Did you mean: 'CriterionQuestionGenerator'?

----------------------------------------

Module: Note Services
Status: FAILED
Return Code: 1
Errors:
Traceback (most recent call last):
  File "/home/antonio/programming/elevate/core_and_ai/elevate-ai-api/test_note_services.py", line 23, in <module>
    from app.core.note_services.content_conversion_service import ContentConversionService
ModuleNotFoundError: No module named 'app.core.note_services.content_conversion_service'

----------------------------------------

Module: RAG & Search Services
Status: FAILED
Return Code: 1
Output:
üöÄ Starting RAG & SEARCH SERVICES Production Readiness Test
================================================================================

üîß PHASE 1: Service Setup
üîß Setting up RAG & Search Services...
   üöÄ Setting up Gemini LLM service...
   ‚úÖ LLM service ready
   üå≤ Setting up vector store...
   ‚úÖ Pinecone store ready
   üî§ Setting up Google embedding service...
   ‚úÖ Embedding service ready
   üîç Setting up RAG Engine...
   ‚ùå Service setup failed: RAGSearchService.__init__() missing 2 required positional arguments: 'vector_store' and 'embedding_service'
‚ùå Service setup failed. Cannot proceed with tests.

‚ùå Some RAG service tests failed!

Errors:
/home/antonio/anaconda3/lib/python3.12/site-packages/pydantic/_internal/_config.py:373: UserWarning: Valid config keys have changed in V2:
* 'schema_extra' has been renamed to 'json_schema_extra'
  warnings.warn(message, UserWarning)
Traceback (most recent call last):
  File "/home/antonio/programming/elevate/core_and_ai/elevate-ai-api/test_rag_services.py", line 77, in setup_services
    self.rag_engine = RAGEngine()
                      ^^^^^^^^^^^
  File "/home/antonio/programming/elevate/core_and_ai/elevate-ai-api/app/core/rag_engine.py", line 23, in __init__
    self.rag_search = RAGSearchService()
                      ^^^^^^^^^^^^^^^^^^
TypeError: RAGSearchService.__init__() missing 2 required positional arguments: 'vector_store' and 'embedding_service'

----------------------------------------

Module: Chat & Interaction Services
Status: FAILED
Return Code: 1
Errors:
/home/antonio/anaconda3/lib/python3.12/site-packages/pydantic/_internal/_config.py:373: UserWarning: Valid config keys have changed in V2:
* 'schema_extra' has been renamed to 'json_schema_extra'
  warnings.warn(message, UserWarning)
Traceback (most recent call last):
  File "/home/antonio/programming/elevate/core_and_ai/elevate-ai-api/test_chat_services.py", line 19, in <module>
    from app.core.chat import ChatService
ImportError: cannot import name 'ChatService' from 'app.core.chat' (/home/antonio/programming/elevate/core_and_ai/elevate-ai-api/app/core/chat.py)

----------------------------------------

Module: Integration Workflows
Status: FAILED
Return Code: 1
Errors:
Traceback (most recent call last):
  File "/home/antonio/programming/elevate/core_and_ai/elevate-ai-api/test_integration_workflows.py", line 24, in <module>
    from app.core.blueprint_lifecycle import BlueprintLifecycleManager
ImportError: cannot import name 'BlueprintLifecycleManager' from 'app.core.blueprint_lifecycle' (/home/antonio/programming/elevate/core_and_ai/elevate-ai-api/app/core/blueprint_lifecycle.py). Did you mean: 'BlueprintLifecycleService'?

----------------------------------------

Module: Vector Store Operations
Status: FAILED
Return Code: 1
Output:
üöÄ Starting VECTOR STORE OPERATIONS Production Readiness Test
================================================================================

üîß PHASE 1: Service Setup
üîß Setting up Vector Store Services...
   üöÄ Setting up Gemini LLM service...
   ‚úÖ LLM service ready
   üå≤ Setting up Pinecone vector store...
   ‚úÖ Pinecone store ready
   üè† Setting up ChromaDB vector store...
   ‚úÖ ChromaDB store ready
   üî§ Setting up Google embedding service...
   ‚úÖ Embedding service ready
   üîç Setting up RAG search service...
   ‚úÖ RAG search service ready
   üì• Setting up indexing pipeline...
   ‚ùå Service setup failed: IndexingPipeline.__init__() got an unexpected keyword argument 'vector_store'
‚ùå Service setup failed. Cannot proceed with tests.

‚ùå Some vector store operation tests failed!

Errors:
Traceback (most recent call last):
  File "/home/antonio/programming/elevate/core_and_ai/elevate-ai-api/test_vector_store_operations.py", line 86, in setup_services
    self.indexing_pipeline = IndexingPipeline(
                             ^^^^^^^^^^^^^^^^^
TypeError: IndexingPipeline.__init__() got an unexpected keyword argument 'vector_store'

----------------------------------------

